<?xml version="1.0" encoding="UTF-8" standalone="yes"?><!DOCTYPE report PUBLIC "-//JACOCO//DTD Report 1.1//EN" "report.dtd"><report name="Remote lock harness coverage report"><sessioninfo id="c92914ad02f3-740ef55e" start="1786777646502" dump="1786777904171"/><sessioninfo id="c92914ad02f3-241c0051" start="1786777918227" dump="1786778856190"/><sessioninfo id="c2956d3f1ddb-3c8ea72a" start="1786777646604" dump="1786779209985"/><sessioninfo id="337cc3f1ba5a-945595c3" start="1786777646685" dump="1786779209989"/><sessioninfo id="c92914ad02f3-95f202a7" start="1786778872624" dump="1786779209989"/><sessioninfo id="3181061315b1-336b52b6" start="1786777646428" dump="1786779209992"/><package name="org/jenkins/plugins/lockableresources/util"><class name="org/jenkins/plugins/lockableresources/util/Constants" sourcefilename="Constants.java"><method name="&lt;init&gt;" desc="()V" line="3"><counter type="INSTRUCTION" missed="3" covered="0"/><counter type="LINE" missed="1" covered="0"/><counter type="COMPLEXITY" missed="1" covered="0"/><counter type="METHOD" missed="1" covered="0"/></method><counter type="INSTRUCTION" missed="3" covered="0"/><counter type="LINE" missed="1" covered="0"/><counter type="COMPLEXITY" missed="1" covered="0"/><counter type="METHOD" missed="1" covered="0"/><counter type="CLASS" missed="1" covered="0"/></class><class name="org/jenkins/plugins/lockableresources/util/SerializableSecureGroovyScript" sourcefilename="SerializableSecureGroovyScript.java"><method name="&lt;init&gt;" desc="(Lorg/jenkinsci/plugins/scriptsecurity/sandbox/groovy/SecureGroovyScript;)V" line="45"><counter type="INSTRUCTION" missed="52" covered="0"/><counter type="BRANCH" missed="4" covered="0"/><counter type="LINE" missed="13" covered="0"/><counter type="COMPLEXITY" missed="3" covered="0"/><counter type="METHOD" missed="1" covered="0"/></method><method name="getScript" desc="()Ljava/lang/String;" line="64"><counter type="INSTRUCTION" missed="3" covered="0"/><counter type="LINE" missed="1" covered="0"/><counter type="COMPLEXITY" missed="1" covered="0"/><counter type="METHOD" missed="1" covered="0"/></method><method name="rehydrate" desc="()Lorg/jenkinsci/plugins/scriptsecurity/sandbox/groovy/SecureGroovyScript;" line="69"><counter type="INSTRUCTION" missed="42" covered="0"/><counter type="BRANCH" missed="6" covered="0"/><counter type="LINE" missed="9" covered="0"/><counter type="COMPLEXITY" missed="4" covered="0"/><counter type="METHOD" missed="1" covered="0"/></method><method name="&lt;clinit&gt;" desc="()V" line="43"><counter type="INSTRUCTION" missed="5" covered="0"/><counter type="LINE" missed="1" covered="0"/><counter type="COMPLEXITY" missed="1" covered="0"/><counter type="METHOD" missed="1" covered="0"/></method><counter type="INSTRUCTION" missed="102" covered="0"/><counter type="BRANCH" missed="10" covered="0"/><counter type="LINE" missed="24" covered="0"/><counter type="COMPLEXITY" missed="9" covered="0"/><counter type="METHOD" missed="4" covered="0"/><counter type="CLASS" missed="1" covered="0"/></class><class name="org/jenkins/plugins/lockableresources/util/SerializableSecureGroovyScript$SerializableClassPathEntry" sourcefilename="SerializableSecureGroovyScript.java"><method name="&lt;init&gt;" desc="(Lorg/jenkinsci/plugins/scriptsecurity/scripts/ClasspathEntry;)V" line="90"><counter type="INSTRUCTION" missed="7" covered="0"/><counter type="LINE" missed="3" covered="0"/><counter type="COMPLEXITY" missed="1" covered="0"/><counter type="METHOD" missed="1" covered="0"/></method><method name="rehydrate" desc="()Lorg/jenkinsci/plugins/scriptsecurity/scripts/ClasspathEntry;" line="97"><counter type="INSTRUCTION" missed="27" covered="0"/><counter type="BRANCH" missed="2" covered="0"/><counter type="LINE" missed="7" covered="0"/><counter type="COMPLEXITY" missed="2" covered="0"/><counter type="METHOD" missed="1" covered="0"/></method><counter type="INSTRUCTION" missed="34" covered="0"/><counter type="BRANCH" missed="2" covered="0"/><counter type="LINE" missed="10" covered="0"/><counter type="COMPLEXITY" missed="3" covered="0"/><counter type="METHOD" missed="2" covered="0"/><counter type="CLASS" missed="1" covered="0"/></class><sourcefile name="Constants.java"><line nr="3" mi="3" ci="0" mb="0" cb="0"/><counter type="INSTRUCTION" missed="3" covered="0"/><counter type="LINE" missed="1" covered="0"/><counter type="COMPLEXITY" missed="1" covered="0"/><counter type="METHOD" missed="1" covered="0"/><counter type="CLASS" missed="1" covered="0"/></sourcefile><sourcefile name="SerializableSecureGroovyScript.java"><line nr="43" mi="5" ci="0" mb="0" cb="0"/><line nr="45" mi="2" ci="0" mb="0" cb="0"/><line nr="46" mi="2" ci="0" mb="2" cb="0"/><line nr="47" mi="3" ci="0" mb="0" cb="0"/><line nr="48" mi="3" ci="0" mb="0" cb="0"/><line nr="49" mi="4" ci="0" mb="0" cb="0"/><line nr="51" mi="4" ci="0" mb="0" cb="0"/><line nr="52" mi="4" ci="0" mb="0" cb="0"/><line nr="54" mi="3" ci="0" mb="0" cb="0"/><line nr="55" mi="7" ci="0" mb="0" cb="0"/><line nr="56" mi="10" ci="0" mb="2" cb="0"/><line nr="57" mi="8" ci="0" mb="0" cb="0"/><line nr="58" mi="1" ci="0" mb="0" cb="0"/><line nr="60" mi="1" ci="0" mb="0" cb="0"/><line nr="64" mi="3" ci="0" mb="0" cb="0"/><line nr="69" mi="3" ci="0" mb="2" cb="0"/><line nr="70" mi="2" ci="0" mb="0" cb="0"/><line nr="73" mi="7" ci="0" mb="0" cb="0"/><line nr="74" mi="11" ci="0" mb="2" cb="0"/><line nr="75" mi="3" ci="0" mb="0" cb="0"/><line nr="76" mi="2" ci="0" mb="2" cb="0"/><line nr="77" mi="4" ci="0" mb="0" cb="0"/><line nr="79" mi="1" ci="0" mb="0" cb="0"/><line nr="81" mi="9" ci="0" mb="0" cb="0"/><line nr="90" mi="2" ci="0" mb="0" cb="0"/><line nr="91" mi="4" ci="0" mb="0" cb="0"/><line nr="92" mi="1" ci="0" mb="0" cb="0"/><line nr="97" mi="6" ci="0" mb="0" cb="0"/><line nr="98" mi="7" ci="0" mb="2" cb="0"/><line nr="99" mi="2" ci="0" mb="0" cb="0"/><line nr="101" mi="2" ci="0" mb="0" cb="0"/><line nr="103" mi="1" ci="0" mb="0" cb="0"/><line nr="105" mi="7" ci="0" mb="0" cb="0"/><line nr="106" mi="2" ci="0" mb="0" cb="0"/><counter type="INSTRUCTION" missed="136" covered="0"/><counter type="BRANCH" missed="12" covered="0"/><counter type="LINE" missed="34" covered="0"/><counter type="COMPLEXITY" missed="12" covered="0"/><counter type="METHOD" missed="6" covered="0"/><counter type="CLASS" missed="2" covered="0"/></sourcefile><counter type="INSTRUCTION" missed="139" covered="0"/><counter type="BRANCH" missed="12" covered="0"/><counter type="LINE" missed="35" covered="0"/><counter type="COMPLEXITY" missed="13" covered="0"/><counter type="METHOD" missed="7" covered="0"/><counter type="CLASS" missed="3" covered="0"/></package><package name="org/jenkins/plugins/lockableresources/remote"><class name="org/jenkins/plugins/lockableresources/remote/RemoteCatalogCache" sourcefilename="RemoteCatalogCache.java"><method name="&lt;init&gt;" desc="()V" line="34"><counter type="INSTRUCTION" missed="0" covered="13"/><counter type="LINE" missed="0" covered="3"/><counter type="COMPLEXITY" missed="0" covered="1"/><counter type="METHOD" missed="0" covered="1"/></method><method name="get" desc="()Lorg/jenkins/plugins/lockableresources/remote/RemoteCatalogCache;" line="45"><counter type="INSTRUCTION" missed="0" covered="7"/><counter type="LINE" missed="0" covered="1"/><counter type="COMPLEXITY" missed="0" covered="1"/><counter type="METHOD" missed="0" covered="1"/></method><method name="get" desc="(Ljava/lang/String;)Lorg/jenkins/plugins/lockableresources/remote/RemoteCatalog;" line="57"><counter type="INSTRUCTION" missed="7" covered="28"/><counter type="BRANCH" missed="2" covered="6"/><counter type="LINE" missed="2" covered="6"/><counter type="COMPLEXITY" missed="2" covered="3"/><counter type="METHOD" missed="0" covered="1"/></method><method name="fetch" desc="(Lorg/jenkins/plugins/lockableresources/RemoteConnection;)Lorg/jenkins/plugins/lockableresources/remote/RemoteCatalog;" line="75"><counter type="INSTRUCTION" missed="8" covered="71"/><counter type="BRANCH" missed="5" covered="5"/><counter type="LINE" missed="0" covered="15"/><counter type="COMPLEXITY" missed="5" covered="1"/><counter type="METHOD" missed="0" covered="1"/></method><method name="requestRefresh" desc="(Lorg/jenkins/plugins/lockableresources/RemoteConnection;)V" line="95"><counter type="INSTRUCTION" missed="1" covered="17"/><counter type="BRANCH" missed="1" covered="1"/><counter type="LINE" missed="1" covered="4"/><counter type="COMPLEXITY" missed="1" covered="1"/><counter type="METHOD" missed="0" covered="1"/></method><method name="invalidateAll" desc="()V" line="112"><counter type="INSTRUCTION" missed="0" covered="4"/><counter type="LINE" missed="0" covered="2"/><counter type="COMPLEXITY" missed="0" covered="1"/><counter type="METHOD" missed="0" covered="1"/></method><method name="lambda$requestRefresh$0" desc="(Lorg/jenkins/plugins/lockableresources/RemoteConnection;Ljava/lang/String;)V" line="101"><counter type="INSTRUCTION" missed="7" covered="10"/><counter type="LINE" missed="2" covered="3"/><counter type="COMPLEXITY" missed="0" covered="1"/><counter type="METHOD" missed="0" covered="1"/></method><method name="&lt;clinit&gt;" desc="()V" line="36"><counter type="INSTRUCTION" missed="0" covered="5"/><counter type="LINE" missed="0" covered="1"/><counter type="COMPLEXITY" missed="0" covered="1"/><counter type="METHOD" missed="0" covered="1"/></method><counter type="INSTRUCTION" missed="23" covered="155"/><counter type="BRANCH" missed="8" covered="12"/><counter type="LINE" missed="5" covered="35"/><counter type="COMPLEXITY" missed="8" covered="10"/><counter type="METHOD" missed="0" covered="8"/><counter type="CLASS" missed="0" covered="1"/></class><class name="org/jenkins/plugins/lockableresources/remote/RemoteAcquireState" sourcefilename="RemoteAcquireState.java"><method name="fromString" desc="(Ljava/lang/String;)Lorg/jenkins/plugins/lockableresources/remote/RemoteAcquireState;" line="23"><counter type="INSTRUCTION" missed="5" covered="11"/><counter type="BRANCH" missed="2" covered="2"/><counter type="LINE" missed="3" covered="2"/><counter type="COMPLEXITY" missed="2" covered="1"/><counter type="METHOD" missed="0" covered="1"/></method><method name="&lt;clinit&gt;" desc="()V" line="13"><counter type="INSTRUCTION" missed="0" covered="45"/><counter type="LINE" missed="0" covered="8"/><counter type="COMPLEXITY" missed="0" covered="1"/><counter type="METHOD" missed="0" covered="1"/></method><counter type="INSTRUCTION" missed="5" covered="56"/><counter type="BRANCH" missed="2" covered="2"/><counter type="LINE" missed="3" covered="10"/><counter type="COMPLEXITY" missed="2" covered="2"/><counter type="METHOD" missed="0" covered="2"/><counter type="CLASS" missed="0" covered="1"/></class><class name="org/jenkins/plugins/lockableresources/remote/RemoteLockManager" sourcefilename="RemoteLockManager.java"><method name="&lt;init&gt;" desc="()V" line="42"><counter type="INSTRUCTION" missed="0" covered="8"/><counter type="LINE" missed="0" covered="2"/><counter type="COMPLEXITY" missed="0" covered="1"/><counter type="METHOD" missed="0" covered="1"/></method><method name="get" desc="()Lorg/jenkins/plugins/lockableresources/remote/RemoteLockManager;" line="60"><counter type="INSTRUCTION" missed="0" covered="7"/><counter type="LINE" missed="0" covered="1"/><counter type="COMPLEXITY" missed="0" covered="1"/><counter type="METHOD" missed="0" covered="1"/></method><method name="getRecurrencePeriod" desc="()J" line="66"><counter type="INSTRUCTION" missed="0" covered="2"/><counter type="LINE" missed="0" covered="1"/><counter type="COMPLEXITY" missed="0" covered="1"/><counter type="METHOD" missed="0" covered="1"/></method><method name="doRun" desc="()V" line="74"><counter type="INSTRUCTION" missed="0" covered="3"/><counter type="LINE" missed="0" covered="2"/><counter type="COMPLEXITY" missed="0" covered="1"/><counter type="METHOD" missed="0" covered="1"/></method><method name="enqueue" desc="(Lorg/jenkins/plugins/lockableresources/remote/RemoteLockRequest;Ljava/lang/String;)Lorg/jenkins/plugins/lockableresources/remote/RemoteLockRecord;" line="88"><counter type="INSTRUCTION" missed="12" covered="120"/><counter type="BRANCH" missed="4" covered="8"/><counter type="LINE" missed="3" covered="32"/><counter type="COMPLEXITY" missed="3" covered="4"/><counter type="METHOD" missed="0" covered="1"/></method><method name="find" desc="(Ljava/lang/String;)Lorg/jenkins/plugins/lockableresources/remote/RemoteLockRecord;" line="161"><counter type="INSTRUCTION" missed="0" covered="6"/><counter type="LINE" missed="0" covered="1"/><counter type="COMPLEXITY" missed="0" covered="1"/><counter type="METHOD" missed="0" covered="1"/></method><method name="heartbeat" desc="(Ljava/lang/String;)Z" line="171"><counter type="INSTRUCTION" missed="0" covered="20"/><counter type="BRANCH" missed="0" covered="4"/><counter type="LINE" missed="0" covered="7"/><counter type="COMPLEXITY" missed="0" covered="3"/><counter type="METHOD" missed="0" covered="1"/></method><method name="release" desc="(Ljava/lang/String;)V" line="192"><counter type="INSTRUCTION" missed="0" covered="74"/><counter type="BRANCH" missed="2" covered="12"/><counter type="LINE" missed="0" covered="22"/><counter type="COMPLEXITY" missed="2" covered="6"/><counter type="METHOD" missed="0" covered="1"/></method><method name="maybeScanStale" desc="()V" line="242"><counter type="INSTRUCTION" missed="0" covered="75"/><counter type="BRANCH" missed="0" covered="12"/><counter type="LINE" missed="0" covered="13"/><counter type="COMPLEXITY" missed="0" covered="7"/><counter type="METHOD" missed="0" covered="1"/></method><method name="&lt;clinit&gt;" desc="()V" line="44"><counter type="INSTRUCTION" missed="0" covered="16"/><counter type="LINE" missed="0" covered="4"/><counter type="COMPLEXITY" missed="0" covered="1"/><counter type="METHOD" missed="0" covered="1"/></method><counter type="INSTRUCTION" missed="12" covered="331"/><counter type="BRANCH" missed="6" covered="36"/><counter type="LINE" missed="3" covered="85"/><counter type="COMPLEXITY" missed="5" covered="26"/><counter type="METHOD" missed="0" covered="10"/><counter type="CLASS" missed="0" covered="1"/></class><class name="org/jenkins/plugins/lockableresources/remote/RemoteLockRequest$ExtraResource" sourcefilename="RemoteLockRequest.java"><method name="&lt;init&gt;" desc="(Ljava/lang/String;Ljava/lang/String;I)V" line="177"><counter type="INSTRUCTION" missed="0" covered="12"/><counter type="LINE" missed="0" covered="5"/><counter type="COMPLEXITY" missed="0" covered="1"/><counter type="METHOD" missed="0" covered="1"/></method><method name="getResource" desc="()Ljava/lang/String;" line="185"><counter type="INSTRUCTION" missed="0" covered="3"/><counter type="LINE" missed="0" covered="1"/><counter type="COMPLEXITY" missed="0" covered="1"/><counter type="METHOD" missed="0" covered="1"/></method><method name="getLabel" desc="()Ljava/lang/String;" line="190"><counter type="INSTRUCTION" missed="0" covered="3"/><counter type="LINE" missed="0" covered="1"/><counter type="COMPLEXITY" missed="0" covered="1"/><counter type="METHOD" missed="0" covered="1"/></method><method name="getQuantity" desc="()I" line="194"><counter type="INSTRUCTION" missed="0" covered="3"/><counter type="LINE" missed="0" covered="1"/><counter type="COMPLEXITY" missed="0" covered="1"/><counter type="METHOD" missed="0" covered="1"/></method><counter type="INSTRUCTION" missed="0" covered="21"/><counter type="LINE" missed="0" covered="8"/><counter type="COMPLEXITY" missed="0" covered="4"/><counter type="METHOD" missed="0" covered="4"/><counter type="CLASS" missed="0" covered="1"/></class><class name="org/jenkins/plugins/lockableresources/remote/RemoteApiClient$DecodedJsonResponse" sourcefilename="RemoteApiClient.java"><method name="&lt;init&gt;" desc="(Lnet/sf/json/JSONObject;I)V" line="419"><counter type="INSTRUCTION" missed="0" covered="9"/><counter type="LINE" missed="0" covered="4"/><counter type="COMPLEXITY" missed="0" covered="1"/><counter type="METHOD" missed="0" covered="1"/></method><counter type="INSTRUCTION" missed="0" covered="9"/><counter type="LINE" missed="0" covered="4"/><counter type="COMPLEXITY" missed="0" covered="1"/><counter type="METHOD" missed="0" covered="1"/><counter type="CLASS" missed="0" covered="1"/></class><class name="org/jenkins/plugins/lockableresources/remote/RemoteLockRequest" sourcefilename="RemoteLockRequest.java"><method name="&lt;init&gt;" desc="(Ljava/lang/String;Ljava/lang/String;ILjava/lang/String;ZLjava/lang/String;ZLjava/util/List;IJLjava/lang/String;Ljava/lang/String;)V" line="68"><counter type="INSTRUCTION" missed="0" covered="39"/><counter type="LINE" missed="0" covered="14"/><counter type="COMPLEXITY" missed="0" covered="1"/><counter type="METHOD" missed="0" covered="1"/></method><method name="getResource" desc="()Ljava/lang/String;" line="85"><counter type="INSTRUCTION" missed="0" covered="3"/><counter type="LINE" missed="0" covered="1"/><counter type="COMPLEXITY" missed="0" covered="1"/><counter type="METHOD" missed="0" covered="1"/></method><method name="getLabel" desc="()Ljava/lang/String;" line="90"><counter type="INSTRUCTION" missed="0" covered="3"/><counter type="LINE" missed="0" covered="1"/><counter type="COMPLEXITY" missed="0" covered="1"/><counter type="METHOD" missed="0" covered="1"/></method><method name="getQuantity" desc="()I" line="94"><counter type="INSTRUCTION" missed="0" covered="3"/><counter type="LINE" missed="0" covered="1"/><counter type="COMPLEXITY" missed="0" covered="1"/><counter type="METHOD" missed="0" covered="1"/></method><method name="getVariable" desc="()Ljava/lang/String;" line="99"><counter type="INSTRUCTION" missed="0" covered="3"/><counter type="LINE" missed="0" covered="1"/><counter type="COMPLEXITY" missed="0" covered="1"/><counter type="METHOD" missed="0" covered="1"/></method><method name="isInversePrecedence" desc="()Z" line="103"><counter type="INSTRUCTION" missed="0" covered="3"/><counter type="LINE" missed="0" covered="1"/><counter type="COMPLEXITY" missed="0" covered="1"/><counter type="METHOD" missed="0" covered="1"/></method><method name="getResourceSelectStrategy" desc="()Ljava/lang/String;" line="108"><counter type="INSTRUCTION" missed="0" covered="3"/><counter type="LINE" missed="0" covered="1"/><counter type="COMPLEXITY" missed="0" covered="1"/><counter type="METHOD" missed="0" covered="1"/></method><method name="isSkipIfLocked" desc="()Z" line="112"><counter type="INSTRUCTION" missed="0" covered="3"/><counter type="LINE" missed="0" covered="1"/><counter type="COMPLEXITY" missed="0" covered="1"/><counter type="METHOD" missed="0" covered="1"/></method><method name="getExtra" desc="()Ljava/util/List;" line="117"><counter type="INSTRUCTION" missed="0" covered="3"/><counter type="LINE" missed="0" covered="1"/><counter type="COMPLEXITY" missed="0" covered="1"/><counter type="METHOD" missed="0" covered="1"/></method><method name="getPriority" desc="()I" line="121"><counter type="INSTRUCTION" missed="0" covered="3"/><counter type="LINE" missed="0" covered="1"/><counter type="COMPLEXITY" missed="0" covered="1"/><counter type="METHOD" missed="0" covered="1"/></method><method name="getTimeoutForAllocateResource" desc="()J" line="125"><counter type="INSTRUCTION" missed="0" covered="3"/><counter type="LINE" missed="0" covered="1"/><counter type="COMPLEXITY" missed="0" covered="1"/><counter type="METHOD" missed="0" covered="1"/></method><method name="getTimeoutUnit" desc="()Ljava/lang/String;" line="130"><counter type="INSTRUCTION" missed="0" covered="3"/><counter type="LINE" missed="0" covered="1"/><counter type="COMPLEXITY" missed="0" covered="1"/><counter type="METHOD" missed="0" covered="1"/></method><method name="getReason" desc="()Ljava/lang/String;" line="135"><counter type="INSTRUCTION" missed="0" covered="3"/><counter type="LINE" missed="0" covered="1"/><counter type="COMPLEXITY" missed="0" covered="1"/><counter type="METHOD" missed="0" covered="1"/></method><method name="from" desc="(Lorg/jenkins/plugins/lockableresources/LockStep;)Lorg/jenkins/plugins/lockableresources/remote/RemoteLockRequest;" line="144"><counter type="INSTRUCTION" missed="0" covered="45"/><counter type="BRANCH" missed="1" covered="3"/><counter type="LINE" missed="0" covered="6"/><counter type="COMPLEXITY" missed="1" covered="2"/><counter type="METHOD" missed="0" covered="1"/></method><method name="lambda$from$0" desc="(Lorg/jenkins/plugins/lockableresources/LockStepResource;)Lorg/jenkins/plugins/lockableresources/remote/RemoteLockRequest$ExtraResource;" line="147"><counter type="INSTRUCTION" missed="0" covered="10"/><counter type="LINE" missed="0" covered="1"/><counter type="COMPLEXITY" missed="0" covered="1"/><counter type="METHOD" missed="0" covered="1"/></method><counter type="INSTRUCTION" missed="0" covered="130"/><counter type="BRANCH" missed="1" covered="3"/><counter type="LINE" missed="0" covered="32"/><counter type="COMPLEXITY" missed="1" covered="16"/><counter type="METHOD" missed="0" covered="15"/><counter type="CLASS" missed="0" covered="1"/></class><class name="org/jenkins/plugins/lockableresources/remote/RemoteLockSession$1" sourcefilename="RemoteLockSession.java"/><class name="org/jenkins/plugins/lockableresources/remote/RemoteLockSession" sourcefilename="RemoteLockSession.java"><method name="&lt;init&gt;" desc="()V" line="45"><counter type="INSTRUCTION" missed="0" covered="12"/><counter type="LINE" missed="0" covered="3"/><counter type="COMPLEXITY" missed="0" covered="1"/><counter type="METHOD" missed="0" covered="1"/></method><method name="getLockId" desc="()Ljava/lang/String;" line="91"><counter type="INSTRUCTION" missed="0" covered="3"/><counter type="LINE" missed="0" covered="1"/><counter type="COMPLEXITY" missed="0" covered="1"/><counter type="METHOD" missed="0" covered="1"/></method><method name="getServerId" desc="()Ljava/lang/String;" line="97"><counter type="INSTRUCTION" missed="0" covered="3"/><counter type="LINE" missed="0" covered="1"/><counter type="COMPLEXITY" missed="0" covered="1"/><counter type="METHOD" missed="0" covered="1"/></method><method name="fail" desc="(Lorg/jenkins/plugins/lockableresources/remote/RemoteLockSession$Host;Ljava/lang/Throwable;)V" line="102"><counter type="INSTRUCTION" missed="5" covered="0"/><counter type="LINE" missed="2" covered="0"/><counter type="COMPLEXITY" missed="1" covered="0"/><counter type="METHOD" missed="1" covered="0"/></method><method name="start" desc="(Lorg/jenkins/plugins/lockableresources/remote/RemoteLockSession$Host;)Z" line="107"><counter type="INSTRUCTION" missed="0" covered="122"/><counter type="BRANCH" missed="0" covered="2"/><counter type="LINE" missed="0" covered="33"/><counter type="COMPLEXITY" missed="0" covered="2"/><counter type="METHOD" missed="0" covered="1"/></method><method name="enqueueAcquire" desc="(Lorg/jenkins/plugins/lockableresources/remote/RemoteLockSession$Host;Lorg/jenkins/plugins/lockableresources/RemoteConnection;Ljava/lang/String;Lorg/jenkins/plugins/lockableresources/remote/RemoteApiClient;Lhudson/model/Run;Ljava/lang/String;Lorg/jenkins/plugins/lockableresources/remote/RemoteLockRequest;Ljava/lang/String;)V" line="174"><counter type="INSTRUCTION" missed="0" covered="57"/><counter type="LINE" missed="0" covered="10"/><counter type="COMPLEXITY" missed="0" covered="1"/><counter type="METHOD" missed="0" covered="1"/></method><method name="acquireDeadline" desc="(Lorg/jenkins/plugins/lockableresources/remote/RemoteLockRequest;)J" line="193"><counter type="INSTRUCTION" missed="3" covered="21"/><counter type="BRANCH" missed="0" covered="2"/><counter type="LINE" missed="2" covered="5"/><counter type="COMPLEXITY" missed="0" covered="2"/><counter type="METHOD" missed="0" covered="1"/></method><method name="scheduleAcquireRetry" desc="(Lorg/jenkins/plugins/lockableresources/remote/RemoteLockSession$Host;Lorg/jenkins/plugins/lockableresources/RemoteConnection;Ljava/lang/String;Lorg/jenkins/plugins/lockableresources/remote/RemoteApiClient;Lhudson/model/Run;Ljava/lang/String;Lorg/jenkins/plugins/lockableresources/remote/RemoteLockRequest;Ljava/lang/String;)V" line="214"><counter type="INSTRUCTION" missed="0" covered="20"/><counter type="LINE" missed="0" covered="4"/><counter type="COMPLEXITY" missed="0" covered="1"/><counter type="METHOD" missed="0" covered="1"/></method><method name="retryAcquire" desc="(Lorg/jenkins/plugins/lockableresources/remote/RemoteLockSession$Host;Lorg/jenkins/plugins/lockableresources/RemoteConnection;Ljava/lang/String;Lorg/jenkins/plugins/lockableresources/remote/RemoteApiClient;Lhudson/model/Run;Ljava/lang/String;Lorg/jenkins/plugins/lockableresources/remote/RemoteLockRequest;Ljava/lang/String;)V" line="236"><counter type="INSTRUCTION" missed="45" covered="18"/><counter type="BRANCH" missed="7" covered="1"/><counter type="LINE" missed="14" covered="5"/><counter type="COMPLEXITY" missed="4" covered="1"/><counter type="METHOD" missed="0" covered="1"/></method><method name="serverId" desc="(Lorg/jenkins/plugins/lockableresources/RemoteConnection;)Ljava/lang/String;" line="264"><counter type="INSTRUCTION" missed="9" covered="0"/><counter type="BRANCH" missed="2" covered="0"/><counter type="LINE" missed="1" covered="0"/><counter type="COMPLEXITY" missed="2" covered="0"/><counter type="METHOD" missed="1" covered="0"/></method><method name="cancelAcquireRetryTask" desc="()V" line="268"><counter type="INSTRUCTION" missed="0" covered="13"/><counter type="BRANCH" missed="0" covered="2"/><counter type="LINE" missed="0" covered="5"/><counter type="COMPLEXITY" missed="0" covered="2"/><counter type="METHOD" missed="0" covered="1"/></method><method name="startPolling" desc="(Lorg/jenkins/plugins/lockableresources/remote/RemoteLockSession$Host;Lorg/jenkins/plugins/lockableresources/RemoteConnection;Ljava/lang/String;Lorg/jenkins/plugins/lockableresources/remote/RemoteApiClient;Lhudson/model/Run;Ljava/lang/String;)V" line="282"><counter type="INSTRUCTION" missed="0" covered="18"/><counter type="LINE" missed="0" covered="4"/><counter type="COMPLEXITY" missed="0" covered="1"/><counter type="METHOD" missed="0" covered="1"/></method><method name="pollStatus" desc="(Lorg/jenkins/plugins/lockableresources/remote/RemoteLockSession$Host;Lorg/jenkins/plugins/lockableresources/RemoteConnection;Ljava/lang/String;Lorg/jenkins/plugins/lockableresources/remote/RemoteApiClient;Lhudson/model/Run;Ljava/lang/String;)V" line="302"><counter type="INSTRUCTION" missed="152" covered="124"/><counter type="BRANCH" missed="14" covered="10"/><counter type="LINE" missed="24" covered="30"/><counter type="COMPLEXITY" missed="10" covered="5"/><counter type="METHOD" missed="0" covered="1"/></method><method name="startHeartbeat" desc="(Lorg/jenkins/plugins/lockableresources/RemoteConnection;Ljava/lang/String;Lorg/jenkins/plugins/lockableresources/remote/RemoteApiClient;)V" line="414"><counter type="INSTRUCTION" missed="0" covered="15"/><counter type="LINE" missed="0" covered="4"/><counter type="COMPLEXITY" missed="0" covered="1"/><counter type="METHOD" missed="0" covered="1"/></method><method name="releaseBestEffort" desc="(Lorg/jenkins/plugins/lockableresources/remote/RemoteLockSession$Host;)V" line="443"><counter type="INSTRUCTION" missed="22" covered="49"/><counter type="BRANCH" missed="2" covered="2"/><counter type="LINE" missed="4" covered="10"/><counter type="COMPLEXITY" missed="2" covered="1"/><counter type="METHOD" missed="0" covered="1"/></method><method name="finishFailure" desc="(Lorg/jenkins/plugins/lockableresources/remote/RemoteLockSession$Host;Ljava/lang/Throwable;)V" line="466"><counter type="INSTRUCTION" missed="1" covered="19"/><counter type="BRANCH" missed="1" covered="1"/><counter type="LINE" missed="1" covered="6"/><counter type="COMPLEXITY" missed="1" covered="1"/><counter type="METHOD" missed="0" covered="1"/></method><method name="onBodyFinished" desc="(Lorg/jenkins/plugins/lockableresources/remote/RemoteLockSession$Host;)V" line="479"><counter type="INSTRUCTION" missed="0" covered="14"/><counter type="LINE" missed="0" covered="5"/><counter type="COMPLEXITY" missed="0" covered="1"/><counter type="METHOD" missed="0" covered="1"/></method><method name="stop" desc="(Lorg/jenkins/plugins/lockableresources/remote/RemoteLockSession$Host;Ljava/lang/Throwable;)V" line="487"><counter type="INSTRUCTION" missed="0" covered="20"/><counter type="LINE" missed="0" covered="7"/><counter type="COMPLEXITY" missed="0" covered="1"/><counter type="METHOD" missed="0" covered="1"/></method><method name="onResume" desc="(Lorg/jenkins/plugins/lockableresources/remote/RemoteLockSession$Host;)V" line="501"><counter type="INSTRUCTION" missed="173" covered="0"/><counter type="BRANCH" missed="12" covered="0"/><counter type="LINE" missed="40" covered="0"/><counter type="COMPLEXITY" missed="7" covered="0"/><counter type="METHOD" missed="1" covered="0"/></method><method name="cancelPollTaskAndRetries" desc="()V" line="571"><counter type="INSTRUCTION" missed="0" covered="5"/><counter type="LINE" missed="0" covered="3"/><counter type="COMPLEXITY" missed="0" covered="1"/><counter type="METHOD" missed="0" covered="1"/></method><method name="cancelPollTask" desc="()V" line="576"><counter type="INSTRUCTION" missed="0" covered="13"/><counter type="BRANCH" missed="0" covered="2"/><counter type="LINE" missed="0" covered="5"/><counter type="COMPLEXITY" missed="0" covered="2"/><counter type="METHOD" missed="0" covered="1"/></method><method name="cancelHeartbeatTask" desc="()V" line="584"><counter type="INSTRUCTION" missed="0" covered="13"/><counter type="BRANCH" missed="0" covered="2"/><counter type="LINE" missed="0" covered="5"/><counter type="COMPLEXITY" missed="0" covered="2"/><counter type="METHOD" missed="0" covered="1"/></method><method name="buildFailureMessage" desc="(Lorg/jenkins/plugins/lockableresources/remote/RemoteAcquireStatus;)Ljava/lang/String;" line="592"><counter type="INSTRUCTION" missed="0" covered="17"/><counter type="LINE" missed="0" covered="4"/><counter type="COMPLEXITY" missed="0" covered="1"/><counter type="METHOD" missed="0" covered="1"/></method><method name="lambda$startHeartbeat$2" desc="(Lorg/jenkins/plugins/lockableresources/remote/RemoteApiClient;Lorg/jenkins/plugins/lockableresources/RemoteConnection;Ljava/lang/String;)V" line="418"><counter type="INSTRUCTION" missed="2" covered="40"/><counter type="BRANCH" missed="3" covered="3"/><counter type="LINE" missed="2" covered="9"/><counter type="COMPLEXITY" missed="3" covered="1"/><counter type="METHOD" missed="0" covered="1"/></method><method name="lambda$startPolling$1" desc="(Lorg/jenkins/plugins/lockableresources/remote/RemoteLockSession$Host;Lorg/jenkins/plugins/lockableresources/RemoteConnection;Ljava/lang/String;Lorg/jenkins/plugins/lockableresources/remote/RemoteApiClient;Lhudson/model/Run;Ljava/lang/String;)V" line="285"><counter type="INSTRUCTION" missed="0" covered="9"/><counter type="LINE" missed="0" covered="1"/><counter type="COMPLEXITY" missed="0" covered="1"/><counter type="METHOD" missed="0" covered="1"/></method><method name="lambda$scheduleAcquireRetry$0" desc="(Lorg/jenkins/plugins/lockableresources/remote/RemoteLockSession$Host;Lorg/jenkins/plugins/lockableresources/RemoteConnection;Ljava/lang/String;Lorg/jenkins/plugins/lockableresources/remote/RemoteApiClient;Lhudson/model/Run;Ljava/lang/String;Lorg/jenkins/plugins/lockableresources/remote/RemoteLockRequest;Ljava/lang/String;)V" line="217"><counter type="INSTRUCTION" missed="0" covered="11"/><counter type="LINE" missed="0" covered="1"/><counter type="COMPLEXITY" missed="0" covered="1"/><counter type="METHOD" missed="0" covered="1"/></method><method name="&lt;clinit&gt;" desc="()V" line="49"><counter type="INSTRUCTION" missed="0" covered="5"/><counter type="LINE" missed="0" covered="1"/><counter type="COMPLEXITY" missed="0" covered="1"/><counter type="METHOD" missed="0" covered="1"/></method><counter type="INSTRUCTION" missed="412" covered="641"/><counter type="BRANCH" missed="41" covered="27"/><counter type="LINE" missed="90" covered="162"/><counter type="COMPLEXITY" missed="30" covered="33"/><counter type="METHOD" missed="3" covered="24"/><counter type="CLASS" missed="0" covered="1"/></class><class name="org/jenkins/plugins/lockableresources/remote/RemoteApiClient" sourcefilename="RemoteApiClient.java"><method name="&lt;init&gt;" desc="()V" line="45"><counter type="INSTRUCTION" missed="0" covered="5"/><counter type="LINE" missed="0" covered="2"/><counter type="COMPLEXITY" missed="0" covered="1"/><counter type="METHOD" missed="0" covered="1"/></method><method name="&lt;init&gt;" desc="(Ljava/time/Duration;)V" line="48"><counter type="INSTRUCTION" missed="0" covered="12"/><counter type="LINE" missed="0" covered="4"/><counter type="COMPLEXITY" missed="0" covered="1"/><counter type="METHOD" missed="0" covered="1"/></method><method name="enqueueAcquire" desc="(Lorg/jenkins/plugins/lockableresources/RemoteConnection;Ljava/lang/String;Lorg/jenkins/plugins/lockableresources/remote/RemoteLockRequest;ILjava/lang/String;)Ljava/lang/String;" line="64"><counter type="INSTRUCTION" missed="10" covered="78"/><counter type="BRANCH" missed="5" covered="5"/><counter type="LINE" missed="2" covered="18"/><counter type="COMPLEXITY" missed="5" covered="1"/><counter type="METHOD" missed="0" covered="1"/></method><method name="buildLockRequestJson" desc="(Lorg/jenkins/plugins/lockableresources/remote/RemoteLockRequest;)Lnet/sf/json/JSONObject;" line="96"><counter type="INSTRUCTION" missed="6" covered="158"/><counter type="BRANCH" missed="2" covered="24"/><counter type="LINE" missed="1" covered="30"/><counter type="COMPLEXITY" missed="2" covered="12"/><counter type="METHOD" missed="0" covered="1"/></method><method name="getAcquireStatus" desc="(Lorg/jenkins/plugins/lockableresources/RemoteConnection;Ljava/lang/String;Ljava/lang/String;)Lorg/jenkins/plugins/lockableresources/remote/RemoteAcquireStatus;" line="144"><counter type="INSTRUCTION" missed="0" covered="127"/><counter type="BRANCH" missed="0" covered="8"/><counter type="LINE" missed="0" covered="30"/><counter type="COMPLEXITY" missed="0" covered="5"/><counter type="METHOD" missed="0" covered="1"/></method><method name="listResources" desc="(Lorg/jenkins/plugins/lockableresources/RemoteConnection;Ljava/lang/String;)Lorg/jenkins/plugins/lockableresources/remote/RemoteCatalog;" line="189"><counter type="INSTRUCTION" missed="0" covered="121"/><counter type="BRANCH" missed="2" covered="6"/><counter type="LINE" missed="0" covered="29"/><counter type="COMPLEXITY" missed="2" covered="3"/><counter type="METHOD" missed="0" covered="1"/></method><method name="heartbeatLease" desc="(Lorg/jenkins/plugins/lockableresources/RemoteConnection;Ljava/lang/String;Ljava/lang/String;)V" line="235"><counter type="INSTRUCTION" missed="0" covered="37"/><counter type="LINE" missed="0" covered="10"/><counter type="COMPLEXITY" missed="0" covered="1"/><counter type="METHOD" missed="0" covered="1"/></method><method name="releaseLease" desc="(Lorg/jenkins/plugins/lockableresources/RemoteConnection;Ljava/lang/String;Ljava/lang/String;)V" line="253"><counter type="INSTRUCTION" missed="0" covered="37"/><counter type="LINE" missed="0" covered="10"/><counter type="COMPLEXITY" missed="0" covered="1"/><counter type="METHOD" missed="0" covered="1"/></method><method name="sendAndDecodeJson" desc="(Ljava/lang/String;Ljava/lang/String;Ljava/lang/String;Ljava/net/http/HttpRequest;)Lorg/jenkins/plugins/lockableresources/remote/RemoteApiClient$DecodedJsonResponse;" line="267"><counter type="INSTRUCTION" missed="47" covered="26"/><counter type="BRANCH" missed="2" covered="2"/><counter type="LINE" missed="5" covered="5"/><counter type="COMPLEXITY" missed="2" covered="1"/><counter type="METHOD" missed="0" covered="1"/></method><method name="extractLockId" desc="(Lnet/sf/json/JSONObject;Ljava/lang/String;)Ljava/lang/String;" line="286"><counter type="INSTRUCTION" missed="17" covered="22"/><counter type="BRANCH" missed="10" covered="6"/><counter type="LINE" missed="3" covered="5"/><counter type="COMPLEXITY" missed="8" covered="1"/><counter type="METHOD" missed="0" covered="1"/></method><method name="send" desc="(Ljava/lang/String;Ljava/lang/String;Ljava/lang/String;Ljava/net/http/HttpRequest;)Ljava/net/http/HttpResponse;" line="302"><counter type="INSTRUCTION" missed="12" covered="126"/><counter type="BRANCH" missed="3" covered="9"/><counter type="LINE" missed="3" covered="29"/><counter type="COMPLEXITY" missed="3" covered="4"/><counter type="METHOD" missed="0" covered="1"/></method><method name="extractRemoteMessage" desc="(Ljava/lang/String;)Ljava/lang/String;" line="345"><counter type="INSTRUCTION" missed="7" covered="21"/><counter type="BRANCH" missed="4" covered="4"/><counter type="LINE" missed="4" covered="5"/><counter type="COMPLEXITY" missed="4" covered="1"/><counter type="METHOD" missed="0" covered="1"/></method><method name="extractRemoteCode" desc="(Ljava/lang/String;)Ljava/lang/String;" line="361"><counter type="INSTRUCTION" missed="5" covered="25"/><counter type="BRANCH" missed="3" covered="5"/><counter type="LINE" missed="3" covered="6"/><counter type="COMPLEXITY" missed="3" covered="2"/><counter type="METHOD" missed="0" covered="1"/></method><method name="resolve" desc="(Lorg/jenkins/plugins/lockableresources/RemoteConnection;Ljava/lang/String;)Ljava/net/URI;" line="377"><counter type="INSTRUCTION" missed="32" covered="20"/><counter type="BRANCH" missed="3" covered="3"/><counter type="LINE" missed="7" covered="4"/><counter type="COMPLEXITY" missed="3" covered="1"/><counter type="METHOD" missed="0" covered="1"/></method><method name="abbreviateForLog" desc="(Ljava/lang/String;)Ljava/lang/String;" line="398"><counter type="INSTRUCTION" missed="19" covered="16"/><counter type="BRANCH" missed="2" covered="2"/><counter type="LINE" missed="3" covered="4"/><counter type="COMPLEXITY" missed="2" covered="1"/><counter type="METHOD" missed="0" covered="1"/></method><method name="applyAuthorizationHeader" desc="(Ljava/net/http/HttpRequest$Builder;Ljava/lang/String;)V" line="410"><counter type="INSTRUCTION" missed="0" covered="13"/><counter type="BRANCH" missed="2" covered="2"/><counter type="LINE" missed="0" covered="3"/><counter type="COMPLEXITY" missed="2" covered="1"/><counter type="METHOD" missed="0" covered="1"/></method><method name="&lt;clinit&gt;" desc="()V" line="38"><counter type="INSTRUCTION" missed="0" covered="5"/><counter type="LINE" missed="0" covered="1"/><counter type="COMPLEXITY" missed="0" covered="1"/><counter type="METHOD" missed="0" covered="1"/></method><counter type="INSTRUCTION" missed="155" covered="849"/><counter type="BRANCH" missed="38" covered="76"/><counter type="LINE" missed="31" covered="195"/><counter type="COMPLEXITY" missed="36" covered="38"/><counter type="METHOD" missed="0" covered="17"/><counter type="CLASS" missed="0" covered="1"/></class><class name="org/jenkins/plugins/lockableresources/remote/RemoteLockRouting" sourcefilename="RemoteLockRouting.java"><method name="isRemoteRequest" desc="(Lorg/jenkins/plugins/lockableresources/LockStep;Lorg/jenkins/plugins/lockableresources/LockableResourcesManager;)Z" line="37"><counter type="INSTRUCTION" missed="0" covered="23"/><counter type="BRANCH" missed="2" covered="6"/><counter type="LINE" missed="0" covered="4"/><counter type="COMPLEXITY" missed="2" covered="3"/><counter type="METHOD" missed="0" covered="1"/></method><method name="effectiveServerId" desc="(Lorg/jenkins/plugins/lockableresources/LockStep;Lorg/jenkins/plugins/lockableresources/LockableResourcesManager;Ljava/io/PrintStream;)Ljava/lang/String;" line="46"><counter type="INSTRUCTION" missed="20" covered="18"/><counter type="BRANCH" missed="6" covered="4"/><counter type="LINE" missed="3" covered="5"/><counter type="COMPLEXITY" missed="4" covered="2"/><counter type="METHOD" missed="0" covered="1"/></method><method name="findConnection" desc="(Lorg/jenkins/plugins/lockableresources/LockableResourcesManager;Ljava/lang/String;)Lorg/jenkins/plugins/lockableresources/RemoteConnection;" line="64"><counter type="INSTRUCTION" missed="12" covered="13"/><counter type="BRANCH" missed="2" covered="2"/><counter type="LINE" missed="2" covered="4"/><counter type="COMPLEXITY" missed="2" covered="1"/><counter type="METHOD" missed="0" covered="1"/></method><method name="displayTarget" desc="(Lorg/jenkins/plugins/lockableresources/LockStep;)Ljava/lang/String;" line="79"><counter type="INSTRUCTION" missed="15" covered="25"/><counter type="BRANCH" missed="7" covered="5"/><counter type="LINE" missed="3" covered="4"/><counter type="COMPLEXITY" missed="5" covered="2"/><counter type="METHOD" missed="0" covered="1"/></method><method name="&lt;clinit&gt;" desc="()V" line="31"><counter type="INSTRUCTION" missed="0" covered="5"/><counter type="LINE" missed="0" covered="1"/><counter type="COMPLEXITY" missed="0" covered="1"/><counter type="METHOD" missed="0" covered="1"/></method><counter type="INSTRUCTION" missed="47" covered="84"/><counter type="BRANCH" missed="17" covered="17"/><counter type="LINE" missed="8" covered="18"/><counter type="COMPLEXITY" missed="13" covered="9"/><counter type="METHOD" missed="0" covered="5"/><counter type="CLASS" missed="0" covered="1"/></class><class name="org/jenkins/plugins/lockableresources/remote/RemoteResolver" sourcefilename="RemoteResolver.java"><method name="&lt;init&gt;" desc="(Lorg/jenkins/plugins/lockableresources/LockableResourcesManager;)V" line="43"><counter type="INSTRUCTION" missed="0" covered="6"/><counter type="LINE" missed="0" covered="3"/><counter type="COMPLEXITY" missed="0" covered="1"/><counter type="METHOD" missed="0" covered="1"/></method><method name="validateRemoteSelectors" desc="(Lorg/jenkins/plugins/lockableresources/remote/RemoteLockRequest;)Ljava/lang/String;" line="61"><counter type="INSTRUCTION" missed="2" covered="44"/><counter type="BRANCH" missed="1" covered="7"/><counter type="LINE" missed="1" covered="11"/><counter type="COMPLEXITY" missed="1" covered="4"/><counter type="METHOD" missed="0" covered="1"/></method><method name="validateSelector" desc="(Ljava/lang/String;Ljava/lang/String;Ljava/util/Set;)Ljava/lang/String;" line="81"><counter type="INSTRUCTION" missed="0" covered="33"/><counter type="BRANCH" missed="1" covered="11"/><counter type="LINE" missed="0" covered="6"/><counter type="COMPLEXITY" missed="1" covered="6"/><counter type="METHOD" missed="0" covered="1"/></method><method name="exposedResources" desc="()Ljava/util/List;" line="95"><counter type="INSTRUCTION" missed="0" covered="31"/><counter type="BRANCH" missed="0" covered="4"/><counter type="LINE" missed="0" covered="7"/><counter type="COMPLEXITY" missed="0" covered="3"/><counter type="METHOD" missed="0" covered="1"/></method><method name="isExposed" desc="(Lorg/jenkins/plugins/lockableresources/LockableResource;Ljava/util/Set;)Z" line="106"><counter type="INSTRUCTION" missed="0" covered="12"/><counter type="BRANCH" missed="1" covered="3"/><counter type="LINE" missed="0" covered="1"/><counter type="COMPLEXITY" missed="1" covered="2"/><counter type="METHOD" missed="0" covered="1"/></method><method name="hasExposedCandidate" desc="(Ljava/lang/String;Ljava/util/Set;)Z" line="110"><counter type="INSTRUCTION" missed="2" covered="31"/><counter type="BRANCH" missed="2" covered="6"/><counter type="LINE" missed="1" covered="7"/><counter type="COMPLEXITY" missed="2" covered="3"/><counter type="METHOD" missed="0" covered="1"/></method><method name="validateAsLocalStep" desc="(Lorg/jenkins/plugins/lockableresources/remote/RemoteLockRequest;Z)V" line="137"><counter type="INSTRUCTION" missed="0" covered="52"/><counter type="BRANCH" missed="0" covered="4"/><counter type="LINE" missed="0" covered="16"/><counter type="COMPLEXITY" missed="0" covered="3"/><counter type="METHOD" missed="0" covered="1"/></method><method name="toRemoteStructs" desc="(Lorg/jenkins/plugins/lockableresources/remote/RemoteLockRequest;)Ljava/util/List;" line="166"><counter type="INSTRUCTION" missed="0" covered="40"/><counter type="BRANCH" missed="0" covered="4"/><counter type="LINE" missed="0" covered="8"/><counter type="COMPLEXITY" missed="0" covered="3"/><counter type="METHOD" missed="0" covered="1"/></method><method name="addRemoteStruct" desc="(Ljava/util/List;Ljava/lang/String;Ljava/lang/String;I)V" line="182"><counter type="INSTRUCTION" missed="1" covered="33"/><counter type="BRANCH" missed="2" covered="8"/><counter type="LINE" missed="1" covered="7"/><counter type="COMPLEXITY" missed="2" covered="4"/><counter type="METHOD" missed="0" covered="1"/></method><method name="availableForRemote" desc="(Ljava/util/List;Lorg/jenkins/plugins/lockableresources/remote/RemoteLockRequest;)Ljava/util/List;" line="209"><counter type="INSTRUCTION" missed="2" covered="27"/><counter type="BRANCH" missed="2" covered="4"/><counter type="LINE" missed="1" covered="5"/><counter type="COMPLEXITY" missed="2" covered="2"/><counter type="METHOD" missed="0" covered="1"/></method><method name="remoteLockEnvVars" desc="(Ljava/lang/String;Ljava/util/List;)Ljava/util/Map;" line="226"><counter type="INSTRUCTION" missed="0" covered="26"/><counter type="BRANCH" missed="0" covered="2"/><counter type="LINE" missed="0" covered="5"/><counter type="COMPLEXITY" missed="0" covered="2"/><counter type="METHOD" missed="0" covered="1"/></method><method name="parseSelectStrategy" desc="(Ljava/lang/String;)Lorg/jenkins/plugins/lockableresources/ResourceSelectStrategy;" line="234"><counter type="INSTRUCTION" missed="3" covered="7"/><counter type="BRANCH" missed="1" covered="1"/><counter type="LINE" missed="2" covered="2"/><counter type="COMPLEXITY" missed="1" covered="1"/><counter type="METHOD" missed="0" covered="1"/></method><method name="lambda$availableForRemote$0" desc="(Ljava/util/Set;Lorg/jenkins/plugins/lockableresources/LockableResource;)Z" line="214"><counter type="INSTRUCTION" missed="0" covered="4"/><counter type="LINE" missed="0" covered="1"/><counter type="COMPLEXITY" missed="0" covered="1"/><counter type="METHOD" missed="0" covered="1"/></method><counter type="INSTRUCTION" missed="10" covered="346"/><counter type="BRANCH" missed="10" covered="54"/><counter type="LINE" missed="6" covered="78"/><counter type="COMPLEXITY" missed="10" covered="35"/><counter type="METHOD" missed="0" covered="13"/><counter type="CLASS" missed="0" covered="1"/></class><class name="org/jenkins/plugins/lockableresources/remote/RemoteLockSession$Host" sourcefilename="RemoteLockSession.java"/><class name="org/jenkins/plugins/lockableresources/remote/RemoteCredentials" sourcefilename="RemoteCredentials.java"><method name="basicAuthHeader" desc="(Lorg/jenkins/plugins/lockableresources/RemoteConnection;Lhudson/model/Run;)Ljava/lang/String;" line="42"><counter type="INSTRUCTION" missed="23" covered="77"/><counter type="BRANCH" missed="2" covered="8"/><counter type="LINE" missed="4" covered="23"/><counter type="COMPLEXITY" missed="2" covered="4"/><counter type="METHOD" missed="0" covered="1"/></method><method name="lambda$basicAuthHeader$0" desc="(Ljava/lang/String;Lcom/cloudbees/plugins/credentials/common/StandardUsernamePasswordCredentials;)Z" line="71"><counter type="INSTRUCTION" missed="0" covered="5"/><counter type="LINE" missed="0" covered="1"/><counter type="COMPLEXITY" missed="0" covered="1"/><counter type="METHOD" missed="0" covered="1"/></method><method name="&lt;clinit&gt;" desc="()V" line="32"><counter type="INSTRUCTION" missed="0" covered="5"/><counter type="LINE" missed="0" covered="1"/><counter type="COMPLEXITY" missed="0" covered="1"/><counter type="METHOD" missed="0" covered="1"/></method><counter type="INSTRUCTION" missed="23" covered="87"/><counter type="BRANCH" missed="2" covered="8"/><counter type="LINE" missed="4" covered="24"/><counter type="COMPLEXITY" missed="2" covered="6"/><counter type="METHOD" missed="0" covered="3"/><counter type="CLASS" missed="0" covered="1"/></class><class name="org/jenkins/plugins/lockableresources/remote/RemoteApiException" sourcefilename="RemoteApiException.java"><method name="&lt;init&gt;" desc="(Ljava/lang/String;ILjava/lang/String;Ljava/lang/String;)V" line="21"><counter type="INSTRUCTION" missed="0" covered="13"/><counter type="LINE" missed="0" covered="5"/><counter type="COMPLEXITY" missed="0" covered="1"/><counter type="METHOD" missed="0" covered="1"/></method><method name="&lt;init&gt;" desc="(Ljava/lang/String;Ljava/lang/Throwable;Ljava/lang/String;)V" line="28"><counter type="INSTRUCTION" missed="0" covered="14"/><counter type="LINE" missed="0" covered="5"/><counter type="COMPLEXITY" missed="0" covered="1"/><counter type="METHOD" missed="0" covered="1"/></method><method name="getHttpStatus" desc="()I" line="35"><counter type="INSTRUCTION" missed="0" covered="3"/><counter type="LINE" missed="0" covered="1"/><counter type="COMPLEXITY" missed="0" covered="1"/><counter type="METHOD" missed="0" covered="1"/></method><method name="getServerId" desc="()Ljava/lang/String;" line="39"><counter type="INSTRUCTION" missed="3" covered="0"/><counter type="LINE" missed="1" covered="0"/><counter type="COMPLEXITY" missed="1" covered="0"/><counter type="METHOD" missed="1" covered="0"/></method><method name="getRemoteCode" desc="()Ljava/lang/String;" line="44"><counter type="INSTRUCTION" missed="3" covered="0"/><counter type="LINE" missed="1" covered="0"/><counter type="COMPLEXITY" missed="1" covered="0"/><counter type="METHOD" missed="1" covered="0"/></method><counter type="INSTRUCTION" missed="6" covered="30"/><counter type="LINE" missed="2" covered="11"/><counter type="COMPLEXITY" missed="2" covered="3"/><counter type="METHOD" missed="2" covered="3"/><counter type="CLASS" missed="0" covered="1"/></class><class name="org/jenkins/plugins/lockableresources/remote/RemoteClientRegistry" sourcefilename="RemoteClientRegistry.java"><method name="&lt;init&gt;" desc="()V" line="38"><counter type="INSTRUCTION" missed="0" covered="8"/><counter type="LINE" missed="0" covered="2"/><counter type="COMPLEXITY" missed="0" covered="1"/><counter type="METHOD" missed="0" covered="1"/></method><method name="get" desc="()Lorg/jenkins/plugins/lockableresources/remote/RemoteClientRegistry;" line="43"><counter type="INSTRUCTION" missed="0" covered="7"/><counter type="LINE" missed="0" covered="1"/><counter type="COMPLEXITY" missed="0" covered="1"/><counter type="METHOD" missed="0" covered="1"/></method><method name="queued" desc="(Ljava/lang/String;Ljava/lang/String;Ljava/lang/String;Lhudson/model/Run;)V" line="49"><counter type="INSTRUCTION" missed="0" covered="13"/><counter type="LINE" missed="0" covered="2"/><counter type="COMPLEXITY" missed="0" covered="1"/><counter type="METHOD" missed="0" covered="1"/></method><method name="acquired" desc="(Ljava/lang/String;Ljava/util/List;)V" line="54"><counter type="INSTRUCTION" missed="0" covered="12"/><counter type="BRANCH" missed="1" covered="1"/><counter type="LINE" missed="0" covered="4"/><counter type="COMPLEXITY" missed="1" covered="1"/><counter type="METHOD" missed="0" covered="1"/></method><method name="forget" desc="(Ljava/lang/String;)V" line="62"><counter type="INSTRUCTION" missed="0" covered="8"/><counter type="BRANCH" missed="0" covered="2"/><counter type="LINE" missed="0" covered="3"/><counter type="COMPLEXITY" missed="0" covered="2"/><counter type="METHOD" missed="0" covered="1"/></method><method name="getAll" desc="()Ljava/util/List;" line="70"><counter type="INSTRUCTION" missed="0" covered="16"/><counter type="LINE" missed="0" covered="3"/><counter type="COMPLEXITY" missed="0" covered="1"/><counter type="METHOD" missed="0" covered="1"/></method><method name="forServer" desc="(Ljava/lang/String;)Ljava/util/Collection;" line="77"><counter type="INSTRUCTION" missed="27" covered="0"/><counter type="BRANCH" missed="4" covered="0"/><counter type="LINE" missed="6" covered="0"/><counter type="COMPLEXITY" missed="3" covered="0"/><counter type="METHOD" missed="1" covered="0"/></method><method name="isEmpty" desc="()Z" line="87"><counter type="INSTRUCTION" missed="4" covered="0"/><counter type="LINE" missed="1" covered="0"/><counter type="COMPLEXITY" missed="1" covered="0"/><counter type="METHOD" missed="1" covered="0"/></method><method name="lambda$getAll$0" desc="(Lorg/jenkins/plugins/lockableresources/remote/RemoteClientRegistry$Entry;)Ljava/lang/Integer;" line="71"><counter type="INSTRUCTION" missed="8" covered="0"/><counter type="BRANCH" missed="2" covered="0"/><counter type="LINE" missed="1" covered="0"/><counter type="COMPLEXITY" missed="2" covered="0"/><counter type="METHOD" missed="1" covered="0"/></method><counter type="INSTRUCTION" missed="39" covered="64"/><counter type="BRANCH" missed="7" covered="3"/><counter type="LINE" missed="7" covered="15"/><counter type="COMPLEXITY" missed="7" covered="7"/><counter type="METHOD" missed="3" covered="6"/><counter type="CLASS" missed="0" covered="1"/></class><class name="org/jenkins/plugins/lockableresources/remote/RemoteClientRegistry$Entry" sourcefilename="RemoteClientRegistry.java"><method name="&lt;init&gt;" desc="(Ljava/lang/String;Ljava/lang/String;Ljava/lang/String;Lhudson/model/Run;)V" line="110"><counter type="INSTRUCTION" missed="2" covered="35"/><counter type="BRANCH" missed="2" covered="2"/><counter type="LINE" missed="0" covered="9"/><counter type="COMPLEXITY" missed="2" covered="1"/><counter type="METHOD" missed="0" covered="1"/></method><method name="markAcquired" desc="(Ljava/util/List;)V" line="121"><counter type="INSTRUCTION" missed="2" covered="10"/><counter type="BRANCH" missed="1" covered="1"/><counter type="LINE" missed="0" covered="3"/><counter type="COMPLEXITY" missed="1" covered="1"/><counter type="METHOD" missed="0" covered="1"/></method><method name="getLockId" desc="()Ljava/lang/String;" line="126"><counter type="INSTRUCTION" missed="3" covered="0"/><counter type="LINE" missed="1" covered="0"/><counter type="COMPLEXITY" missed="1" covered="0"/><counter type="METHOD" missed="1" covered="0"/></method><method name="getServerId" desc="()Ljava/lang/String;" line="130"><counter type="INSTRUCTION" missed="0" covered="3"/><counter type="LINE" missed="0" covered="1"/><counter type="COMPLEXITY" missed="0" covered="1"/><counter type="METHOD" missed="0" covered="1"/></method><method name="getRequest" desc="()Ljava/lang/String;" line="135"><counter type="INSTRUCTION" missed="0" covered="3"/><counter type="LINE" missed="0" covered="1"/><counter type="COMPLEXITY" missed="0" covered="1"/><counter type="METHOD" missed="0" covered="1"/></method><method name="isAcquired" desc="()Z" line="139"><counter type="INSTRUCTION" missed="1" covered="8"/><counter type="BRANCH" missed="1" covered="1"/><counter type="LINE" missed="0" covered="1"/><counter type="COMPLEXITY" missed="1" covered="1"/><counter type="METHOD" missed="0" covered="1"/></method><method name="getState" desc="()Ljava/lang/String;" line="143"><counter type="INSTRUCTION" missed="7" covered="0"/><counter type="BRANCH" missed="2" covered="0"/><counter type="LINE" missed="1" covered="0"/><counter type="COMPLEXITY" missed="2" covered="0"/><counter type="METHOD" missed="1" covered="0"/></method><method name="getEnqueuedAt" desc="()J" line="147"><counter type="INSTRUCTION" missed="3" covered="0"/><counter type="LINE" missed="1" covered="0"/><counter type="COMPLEXITY" missed="1" covered="0"/><counter type="METHOD" missed="1" covered="0"/></method><method name="getAcquiredAt" desc="()J" line="151"><counter type="INSTRUCTION" missed="3" covered="0"/><counter type="LINE" missed="1" covered="0"/><counter type="COMPLEXITY" missed="1" covered="0"/><counter type="METHOD" missed="1" covered="0"/></method><method name="getSince" desc="()J" line="156"><counter type="INSTRUCTION" missed="2" covered="7"/><counter type="BRANCH" missed="1" covered="1"/><counter type="LINE" missed="0" covered="1"/><counter type="COMPLEXITY" missed="1" covered="1"/><counter type="METHOD" missed="0" covered="1"/></method><method name="getResourceNames" desc="()Ljava/util/List;" line="161"><counter type="INSTRUCTION" missed="2" covered="7"/><counter type="BRANCH" missed="1" covered="1"/><counter type="LINE" missed="0" covered="2"/><counter type="COMPLEXITY" missed="1" covered="1"/><counter type="METHOD" missed="0" covered="1"/></method><method name="getBuild" desc="()Lhudson/model/Run;" line="167"><counter type="INSTRUCTION" missed="5" covered="0"/><counter type="LINE" missed="1" covered="0"/><counter type="COMPLEXITY" missed="1" covered="0"/><counter type="METHOD" missed="1" covered="0"/></method><method name="getBuildName" desc="()Ljava/lang/String;" line="171"><counter type="INSTRUCTION" missed="0" covered="3"/><counter type="LINE" missed="0" covered="1"/><counter type="COMPLEXITY" missed="0" covered="1"/><counter type="METHOD" missed="0" covered="1"/></method><method name="getBuildUrl" desc="()Ljava/lang/String;" line="175"><counter type="INSTRUCTION" missed="0" covered="3"/><counter type="LINE" missed="0" covered="1"/><counter type="COMPLEXITY" missed="0" covered="1"/><counter type="METHOD" missed="0" covered="1"/></method><counter type="INSTRUCTION" missed="30" covered="79"/><counter type="BRANCH" missed="8" covered="6"/><counter type="LINE" missed="5" covered="20"/><counter type="COMPLEXITY" missed="12" covered="9"/><counter type="METHOD" missed="5" covered="9"/><counter type="CLASS" missed="0" covered="1"/></class><class name="org/jenkins/plugins/lockableresources/remote/RemoteQueueEntry" sourcefilename="RemoteQueueEntry.java"><method name="&lt;init&gt;" desc="(Lorg/jenkins/plugins/lockableresources/remote/RemoteLockRecord;Ljava/util/List;IJLjava/lang/String;)V" line="49"><counter type="INSTRUCTION" missed="3" covered="35"/><counter type="BRANCH" missed="0" covered="2"/><counter type="LINE" missed="2" covered="12"/><counter type="COMPLEXITY" missed="0" covered="2"/><counter type="METHOD" missed="0" covered="1"/></method><method name="getRecord" desc="()Lorg/jenkins/plugins/lockableresources/remote/RemoteLockRecord;" line="69"><counter type="INSTRUCTION" missed="3" covered="0"/><counter type="LINE" missed="1" covered="0"/><counter type="COMPLEXITY" missed="1" covered="0"/><counter type="METHOD" missed="1" covered="0"/></method><method name="getStructs" desc="()Ljava/util/List;" line="74"><counter type="INSTRUCTION" missed="0" covered="3"/><counter type="LINE" missed="0" covered="1"/><counter type="COMPLEXITY" missed="0" covered="1"/><counter type="METHOD" missed="0" covered="1"/></method><method name="getLockId" desc="()Ljava/lang/String;" line="79"><counter type="INSTRUCTION" missed="0" covered="4"/><counter type="LINE" missed="0" covered="1"/><counter type="COMPLEXITY" missed="0" covered="1"/><counter type="METHOD" missed="0" covered="1"/></method><method name="getPriority" desc="()I" line="83"><counter type="INSTRUCTION" missed="0" covered="3"/><counter type="LINE" missed="0" covered="1"/><counter type="COMPLEXITY" missed="0" covered="1"/><counter type="METHOD" missed="0" covered="1"/></method><method name="getTimeoutDeadlineMillis" desc="()J" line="87"><counter type="INSTRUCTION" missed="0" covered="3"/><counter type="LINE" missed="0" covered="1"/><counter type="COMPLEXITY" missed="0" covered="1"/><counter type="METHOD" missed="0" covered="1"/></method><method name="getResolved" desc="()Ljava/util/List;" line="92"><counter type="INSTRUCTION" missed="0" covered="3"/><counter type="LINE" missed="0" covered="1"/><counter type="COMPLEXITY" missed="0" covered="1"/><counter type="METHOD" missed="0" covered="1"/></method><method name="setResolved" desc="(Ljava/util/List;)V" line="96"><counter type="INSTRUCTION" missed="0" covered="4"/><counter type="LINE" missed="0" covered="2"/><counter type="COMPLEXITY" missed="0" covered="1"/><counter type="METHOD" missed="0" covered="1"/></method><method name="isValid" desc="()Z" line="100"><counter type="INSTRUCTION" missed="1" covered="8"/><counter type="BRANCH" missed="1" covered="1"/><counter type="LINE" missed="0" covered="1"/><counter type="COMPLEXITY" missed="1" covered="1"/><counter type="METHOD" missed="0" covered="1"/></method><method name="isTimedOut" desc="()Z" line="104"><counter type="INSTRUCTION" missed="0" covered="14"/><counter type="BRANCH" missed="1" covered="3"/><counter type="LINE" missed="0" covered="1"/><counter type="COMPLEXITY" missed="1" covered="2"/><counter type="METHOD" missed="0" covered="1"/></method><method name="onAcquired" desc="(Ljava/util/List;)V" line="114"><counter type="INSTRUCTION" missed="0" covered="12"/><counter type="LINE" missed="0" covered="4"/><counter type="COMPLEXITY" missed="0" covered="1"/><counter type="METHOD" missed="0" covered="1"/></method><method name="onTimeout" desc="()V" line="121"><counter type="INSTRUCTION" missed="0" covered="5"/><counter type="LINE" missed="0" covered="2"/><counter type="COMPLEXITY" missed="0" covered="1"/><counter type="METHOD" missed="0" covered="1"/></method><method name="getLockRequest" desc="()Lorg/jenkins/plugins/lockableresources/remote/RemoteLockRequest;" line="126"><counter type="INSTRUCTION" missed="0" covered="4"/><counter type="LINE" missed="0" covered="1"/><counter type="COMPLEXITY" missed="0" covered="1"/><counter type="METHOD" missed="0" covered="1"/></method><method name="toString" desc="()Ljava/lang/String;" line="131"><counter type="INSTRUCTION" missed="0" covered="11"/><counter type="LINE" missed="0" covered="2"/><counter type="COMPLEXITY" missed="0" covered="1"/><counter type="METHOD" missed="0" covered="1"/></method><counter type="INSTRUCTION" missed="7" covered="109"/><counter type="BRANCH" missed="2" covered="6"/><counter type="LINE" missed="3" covered="30"/><counter type="COMPLEXITY" missed="3" covered="15"/><counter type="METHOD" missed="1" covered="13"/><counter type="CLASS" missed="0" covered="1"/></class><class name="org/jenkins/plugins/lockableresources/remote/RemoteAcquireStatus" sourcefilename="RemoteAcquireStatus.java"><method name="&lt;init&gt;" desc="(Ljava/lang/String;Lorg/jenkins/plugins/lockableresources/remote/RemoteAcquireState;Ljava/lang/String;Ljava/lang/String;Ljava/util/Map;)V" line="34"><counter type="INSTRUCTION" missed="9" covered="0"/><counter type="LINE" missed="2" covered="0"/><counter type="COMPLEXITY" missed="1" covered="0"/><counter type="METHOD" missed="1" covered="0"/></method><method name="&lt;init&gt;" desc="(Ljava/lang/String;Lorg/jenkins/plugins/lockableresources/remote/RemoteAcquireState;Ljava/lang/String;Ljava/lang/String;Ljava/util/Map;Ljava/util/List;)V" line="43"><counter type="INSTRUCTION" missed="1" covered="24"/><counter type="BRANCH" missed="1" covered="1"/><counter type="LINE" missed="0" covered="8"/><counter type="COMPLEXITY" missed="1" covered="1"/><counter type="METHOD" missed="0" covered="1"/></method><method name="getLockId" desc="()Ljava/lang/String;" line="53"><counter type="INSTRUCTION" missed="0" covered="3"/><counter type="LINE" missed="0" covered="1"/><counter type="COMPLEXITY" missed="0" covered="1"/><counter type="METHOD" missed="0" covered="1"/></method><method name="getState" desc="()Lorg/jenkins/plugins/lockableresources/remote/RemoteAcquireState;" line="57"><counter type="INSTRUCTION" missed="0" covered="3"/><counter type="LINE" missed="0" covered="1"/><counter type="COMPLEXITY" missed="0" covered="1"/><counter type="METHOD" missed="0" covered="1"/></method><method name="getErrorCode" desc="()Ljava/lang/String;" line="62"><counter type="INSTRUCTION" missed="0" covered="3"/><counter type="LINE" missed="0" covered="1"/><counter type="COMPLEXITY" missed="0" covered="1"/><counter type="METHOD" missed="0" covered="1"/></method><method name="getMessage" desc="()Ljava/lang/String;" line="67"><counter type="INSTRUCTION" missed="0" covered="3"/><counter type="LINE" missed="0" covered="1"/><counter type="COMPLEXITY" missed="0" covered="1"/><counter type="METHOD" missed="0" covered="1"/></method><method name="getLockEnvVars" desc="()Ljava/util/Map;" line="72"><counter type="INSTRUCTION" missed="0" covered="3"/><counter type="LINE" missed="0" covered="1"/><counter type="COMPLEXITY" missed="0" covered="1"/><counter type="METHOD" missed="0" covered="1"/></method><method name="getResourceNames" desc="()Ljava/util/List;" line="78"><counter type="INSTRUCTION" missed="0" covered="3"/><counter type="LINE" missed="0" covered="1"/><counter type="COMPLEXITY" missed="0" covered="1"/><counter type="METHOD" missed="0" covered="1"/></method><counter type="INSTRUCTION" missed="10" covered="42"/><counter type="BRANCH" missed="1" covered="1"/><counter type="LINE" missed="2" covered="14"/><counter type="COMPLEXITY" missed="2" covered="7"/><counter type="METHOD" missed="1" covered="7"/><counter type="CLASS" missed="0" covered="1"/></class><class name="org/jenkins/plugins/lockableresources/remote/RemoteClientDefaults" sourcefilename="RemoteClientDefaults.java"/><class name="org/jenkins/plugins/lockableresources/remote/RemoteLockState" sourcefilename="RemoteLockState.java"><method name="&lt;clinit&gt;" desc="()V" line="12"><counter type="INSTRUCTION" missed="0" covered="33"/><counter type="LINE" missed="0" covered="6"/><counter type="COMPLEXITY" missed="0" covered="1"/><counter type="METHOD" missed="0" covered="1"/></method><counter type="INSTRUCTION" missed="0" covered="33"/><counter type="LINE" missed="0" covered="6"/><counter type="COMPLEXITY" missed="0" covered="1"/><counter type="METHOD" missed="0" covered="1"/><counter type="CLASS" missed="0" covered="1"/></class><class name="org/jenkins/plugins/lockableresources/remote/RemoteLockRecord" sourcefilename="RemoteLockRecord.java"><method name="&lt;init&gt;" desc="(Ljava/lang/String;Lorg/jenkins/plugins/lockableresources/remote/RemoteLockRequest;Ljava/lang/String;)V" line="57"><counter type="INSTRUCTION" missed="0" covered="23"/><counter type="LINE" missed="0" covered="9"/><counter type="COMPLEXITY" missed="0" covered="1"/><counter type="METHOD" missed="0" covered="1"/></method><method name="getLockId" desc="()Ljava/lang/String;" line="68"><counter type="INSTRUCTION" missed="0" covered="3"/><counter type="LINE" missed="0" covered="1"/><counter type="COMPLEXITY" missed="0" covered="1"/><counter type="METHOD" missed="0" covered="1"/></method><method name="getLockRequest" desc="()Lorg/jenkins/plugins/lockableresources/remote/RemoteLockRequest;" line="73"><counter type="INSTRUCTION" missed="0" covered="3"/><counter type="LINE" missed="0" covered="1"/><counter type="COMPLEXITY" missed="0" covered="1"/><counter type="METHOD" missed="0" covered="1"/></method><method name="getAcquiredResourceNames" desc="()Ljava/util/List;" line="78"><counter type="INSTRUCTION" missed="0" covered="3"/><counter type="LINE" missed="0" covered="1"/><counter type="COMPLEXITY" missed="0" covered="1"/><counter type="METHOD" missed="0" covered="1"/></method><method name="getLockEnvVars" desc="()Ljava/util/Map;" line="83"><counter type="INSTRUCTION" missed="0" covered="3"/><counter type="LINE" missed="0" covered="1"/><counter type="COMPLEXITY" missed="0" covered="1"/><counter type="METHOD" missed="0" covered="1"/></method><method name="getClientId" desc="()Ljava/lang/String;" line="88"><counter type="INSTRUCTION" missed="0" covered="3"/><counter type="LINE" missed="0" covered="1"/><counter type="COMPLEXITY" missed="0" covered="1"/><counter type="METHOD" missed="0" covered="1"/></method><method name="getState" desc="()Lorg/jenkins/plugins/lockableresources/remote/RemoteLockState;" line="92"><counter type="INSTRUCTION" missed="0" covered="3"/><counter type="LINE" missed="0" covered="1"/><counter type="COMPLEXITY" missed="0" covered="1"/><counter type="METHOD" missed="0" covered="1"/></method><method name="getEnqueuedAt" desc="()J" line="96"><counter type="INSTRUCTION" missed="3" covered="0"/><counter type="LINE" missed="1" covered="0"/><counter type="COMPLEXITY" missed="1" covered="0"/><counter type="METHOD" missed="1" covered="0"/></method><method name="getTerminalAt" desc="()J" line="101"><counter type="INSTRUCTION" missed="0" covered="3"/><counter type="LINE" missed="0" covered="1"/><counter type="COMPLEXITY" missed="0" covered="1"/><counter type="METHOD" missed="0" covered="1"/></method><method name="getAcquiredAt" desc="()J" line="105"><counter type="INSTRUCTION" missed="0" covered="3"/><counter type="LINE" missed="0" covered="1"/><counter type="COMPLEXITY" missed="0" covered="1"/><counter type="METHOD" missed="0" covered="1"/></method><method name="getLastHeartbeatAt" desc="()J" line="109"><counter type="INSTRUCTION" missed="0" covered="3"/><counter type="LINE" missed="0" covered="1"/><counter type="COMPLEXITY" missed="0" covered="1"/><counter type="METHOD" missed="0" covered="1"/></method><method name="getErrorCode" desc="()Ljava/lang/String;" line="114"><counter type="INSTRUCTION" missed="0" covered="3"/><counter type="LINE" missed="0" covered="1"/><counter type="COMPLEXITY" missed="0" covered="1"/><counter type="METHOD" missed="0" covered="1"/></method><method name="markAcquired" desc="(Ljava/util/List;Ljava/util/Map;)V" line="118"><counter type="INSTRUCTION" missed="0" covered="22"/><counter type="LINE" missed="0" covered="7"/><counter type="COMPLEXITY" missed="0" covered="1"/><counter type="METHOD" missed="0" covered="1"/></method><method name="markSkipped" desc="()V" line="127"><counter type="INSTRUCTION" missed="0" covered="7"/><counter type="LINE" missed="0" covered="3"/><counter type="COMPLEXITY" missed="0" covered="1"/><counter type="METHOD" missed="0" covered="1"/></method><method name="markFailed" desc="(Ljava/lang/String;)V" line="132"><counter type="INSTRUCTION" missed="0" covered="10"/><counter type="LINE" missed="0" covered="4"/><counter type="COMPLEXITY" missed="0" covered="1"/><counter type="METHOD" missed="0" covered="1"/></method><method name="markStale" desc="()V" line="138"><counter type="INSTRUCTION" missed="0" covered="4"/><counter type="LINE" missed="0" covered="2"/><counter type="COMPLEXITY" missed="0" covered="1"/><counter type="METHOD" missed="0" covered="1"/></method><method name="heartbeat" desc="()V" line="142"><counter type="INSTRUCTION" missed="0" covered="4"/><counter type="LINE" missed="0" covered="2"/><counter type="COMPLEXITY" missed="0" covered="1"/><counter type="METHOD" missed="0" covered="1"/></method><counter type="INSTRUCTION" missed="3" covered="100"/><counter type="LINE" missed="1" covered="37"/><counter type="COMPLEXITY" missed="1" covered="16"/><counter type="METHOD" missed="1" covered="16"/><counter type="CLASS" missed="0" covered="1"/></class><class name="org/jenkins/plugins/lockableresources/remote/RemoteCatalog$Resource" sourcefilename="RemoteCatalog.java"><method name="&lt;init&gt;" desc="(Ljava/lang/String;Ljava/util/List;Ljava/lang/String;Ljava/lang/String;Ljava/lang/String;Ljava/lang/String;J)V" line="95"><counter type="INSTRUCTION" missed="10" covered="35"/><counter type="BRANCH" missed="5" covered="5"/><counter type="LINE" missed="0" covered="9"/><counter type="COMPLEXITY" missed="5" covered="1"/><counter type="METHOD" missed="0" covered="1"/></method><method name="getName" desc="()Ljava/lang/String;" line="106"><counter type="INSTRUCTION" missed="0" covered="3"/><counter type="LINE" missed="0" covered="1"/><counter type="COMPLEXITY" missed="0" covered="1"/><counter type="METHOD" missed="0" covered="1"/></method><method name="getLabels" desc="()Ljava/util/List;" line="111"><counter type="INSTRUCTION" missed="0" covered="3"/><counter type="LINE" missed="0" covered="1"/><counter type="COMPLEXITY" missed="0" covered="1"/><counter type="METHOD" missed="0" covered="1"/></method><method name="getDescription" desc="()Ljava/lang/String;" line="115"><counter type="INSTRUCTION" missed="0" covered="3"/><counter type="LINE" missed="0" covered="1"/><counter type="COMPLEXITY" missed="0" covered="1"/><counter type="METHOD" missed="0" covered="1"/></method><method name="getState" desc="()Ljava/lang/String;" line="119"><counter type="INSTRUCTION" missed="0" covered="3"/><counter type="LINE" missed="0" covered="1"/><counter type="COMPLEXITY" missed="0" covered="1"/><counter type="METHOD" missed="0" covered="1"/></method><method name="getHeldByKind" desc="()Ljava/lang/String;" line="123"><counter type="INSTRUCTION" missed="0" covered="3"/><counter type="LINE" missed="0" covered="1"/><counter type="COMPLEXITY" missed="0" covered="1"/><counter type="METHOD" missed="0" covered="1"/></method><method name="getHeldByClientId" desc="()Ljava/lang/String;" line="127"><counter type="INSTRUCTION" missed="0" covered="3"/><counter type="LINE" missed="0" covered="1"/><counter type="COMPLEXITY" missed="0" covered="1"/><counter type="METHOD" missed="0" covered="1"/></method><method name="getSince" desc="()J" line="131"><counter type="INSTRUCTION" missed="0" covered="3"/><counter type="LINE" missed="0" covered="1"/><counter type="COMPLEXITY" missed="0" covered="1"/><counter type="METHOD" missed="0" covered="1"/></method><counter type="INSTRUCTION" missed="10" covered="56"/><counter type="BRANCH" missed="5" covered="5"/><counter type="LINE" missed="0" covered="16"/><counter type="COMPLEXITY" missed="5" covered="8"/><counter type="METHOD" missed="0" covered="8"/><counter type="CLASS" missed="0" covered="1"/></class><class name="org/jenkins/plugins/lockableresources/remote/RemoteCatalog" sourcefilename="RemoteCatalog.java"><method name="&lt;init&gt;" desc="(Ljava/lang/String;Ljava/util/List;ZJLjava/lang/String;)V" line="39"><counter type="INSTRUCTION" missed="2" covered="21"/><counter type="BRANCH" missed="1" covered="1"/><counter type="LINE" missed="0" covered="7"/><counter type="COMPLEXITY" missed="1" covered="1"/><counter type="METHOD" missed="0" covered="1"/></method><method name="getServerId" desc="()Ljava/lang/String;" line="48"><counter type="INSTRUCTION" missed="3" covered="0"/><counter type="LINE" missed="1" covered="0"/><counter type="COMPLEXITY" missed="1" covered="0"/><counter type="METHOD" missed="1" covered="0"/></method><method name="getResources" desc="()Ljava/util/List;" line="53"><counter type="INSTRUCTION" missed="0" covered="3"/><counter type="LINE" missed="0" covered="1"/><counter type="COMPLEXITY" missed="0" covered="1"/><counter type="METHOD" missed="0" covered="1"/></method><method name="isAcceptNewAcquires" desc="()Z" line="58"><counter type="INSTRUCTION" missed="0" covered="3"/><counter type="LINE" missed="0" covered="1"/><counter type="COMPLEXITY" missed="0" covered="1"/><counter type="METHOD" missed="0" covered="1"/></method><method name="getFetchedAt" desc="()J" line="63"><counter type="INSTRUCTION" missed="0" covered="3"/><counter type="LINE" missed="0" covered="1"/><counter type="COMPLEXITY" missed="0" covered="1"/><counter type="METHOD" missed="0" covered="1"/></method><method name="getError" desc="()Ljava/lang/String;" line="69"><counter type="INSTRUCTION" missed="0" covered="3"/><counter type="LINE" missed="0" covered="1"/><counter type="COMPLEXITY" missed="0" covered="1"/><counter type="METHOD" missed="0" covered="1"/></method><method name="isStale" desc="(J)Z" line="73"><counter type="INSTRUCTION" missed="0" covered="11"/><counter type="BRANCH" missed="0" covered="2"/><counter type="LINE" missed="0" covered="1"/><counter type="COMPLEXITY" missed="0" covered="2"/><counter type="METHOD" missed="0" covered="1"/></method><counter type="INSTRUCTION" missed="5" covered="44"/><counter type="BRANCH" missed="1" covered="3"/><counter type="LINE" missed="1" covered="12"/><counter type="COMPLEXITY" missed="2" covered="7"/><counter type="METHOD" missed="1" covered="6"/><counter type="CLASS" missed="0" covered="1"/></class><sourcefile name="RemoteAcquireState.java"><line nr="13" mi="0" ci="3" mb="0" cb="0"/><line nr="14" mi="0" ci="6" mb="0" cb="0"/><line nr="15" mi="0" ci="6" mb="0" cb="0"/><line nr="16" mi="0" ci="6" mb="0" cb="0"/><line nr="17" mi="0" ci="6" mb="0" cb="0"/><line nr="18" mi="0" ci="6" mb="0" cb="0"/><line nr="19" mi="0" ci="6" mb="0" cb="0"/><line nr="20" mi="0" ci="6" mb="0" cb="0"/><line nr="23" mi="0" ci="5" mb="2" cb="2"/><line nr="24" mi="2" ci="0" mb="0" cb="0"/><line nr="27" mi="0" ci="6" mb="0" cb="0"/><line nr="28" mi="1" ci="0" mb="0" cb="0"/><line nr="29" mi="2" ci="0" mb="0" cb="0"/><counter type="INSTRUCTION" missed="5" covered="56"/><counter type="BRANCH" missed="2" covered="2"/><counter type="LINE" missed="3" covered="10"/><counter type="COMPLEXITY" missed="2" covered="2"/><counter type="METHOD" missed="0" covered="2"/><counter type="CLASS" missed="0" covered="1"/></sourcefile><sourcefile name="RemoteLockState.java"><line nr="12" mi="0" ci="3" mb="0" cb="0"/><line nr="14" mi="0" ci="6" mb="0" cb="0"/><line nr="16" mi="0" ci="6" mb="0" cb="0"/><line nr="18" mi="0" ci="6" mb="0" cb="0"/><line nr="20" mi="0" ci="6" mb="0" cb="0"/><line nr="22" mi="0" ci="6" mb="0" cb="0"/><counter type="INSTRUCTION" missed="0" covered="33"/><counter type="LINE" missed="0" covered="6"/><counter type="COMPLEXITY" missed="0" covered="1"/><counter type="METHOD" missed="0" covered="1"/><counter type="CLASS" missed="0" covered="1"/></sourcefile><sourcefile name="RemoteResolver.java"><line nr="43" mi="0" ci="2" mb="0" cb="0"/><line nr="44" mi="0" ci="3" mb="0" cb="0"/><line nr="45" mi="0" ci="1" mb="0" cb="0"/><line nr="61" mi="0" ci="4" mb="0" cb="0"/><line nr="62" mi="0" ci="8" mb="0" cb="0"/><line nr="63" mi="0" ci="2" mb="0" cb="2"/><line nr="64" mi="0" ci="2" mb="0" cb="0"/><line nr="66" mi="0" ci="3" mb="0" cb="0"/><line nr="67" mi="0" ci="2" mb="0" cb="2"/><line nr="68" mi="0" ci="10" mb="0" cb="2"/><line nr="69" mi="0" ci="8" mb="0" cb="0"/><line nr="70" mi="0" ci="2" mb="1" cb="1"/><line nr="71" mi="2" ci="0" mb="0" cb="0"/><line nr="73" mi="0" ci="1" mb="0" cb="0"/><line nr="75" mi="0" ci="2" mb="0" cb="0"/><line nr="81" mi="0" ci="2" mb="0" cb="2"/><line nr="82" mi="0" ci="5" mb="0" cb="0"/><line nr="83" mi="0" ci="10" mb="0" cb="4"/><line nr="85" mi="0" ci="5" mb="1" cb="3"/><line nr="86" mi="0" ci="9" mb="0" cb="2"/><line nr="88" mi="0" ci="2" mb="0" cb="0"/><line nr="95" mi="0" ci="4" mb="0" cb="0"/><line nr="96" mi="0" ci="4" mb="0" cb="0"/><line nr="97" mi="0" ci="12" mb="0" cb="2"/><line nr="98" mi="0" ci="4" mb="0" cb="2"/><line nr="99" mi="0" ci="4" mb="0" cb="0"/><line nr="101" mi="0" ci="1" mb="0" cb="0"/><line nr="102" mi="0" ci="2" mb="0" cb="0"/><line nr="106" mi="0" ci="12" mb="1" cb="3"/><line nr="110" mi="0" ci="3" mb="1" cb="1"/><line nr="111" mi="2" ci="0" mb="0" cb="0"/><line nr="113" mi="0" ci="12" mb="0" cb="2"/><line nr="114" mi="0" ci="3" mb="0" cb="0"/><line nr="115" mi="0" ci="8" mb="1" cb="3"/><line nr="116" mi="0" ci="2" mb="0" cb="0"/><line nr="118" mi="0" ci="1" mb="0" cb="0"/><line nr="119" mi="0" ci="2" mb="0" cb="0"/><line nr="137" mi="0" ci="4" mb="0" cb="0"/><line nr="138" mi="0" ci="3" mb="0" cb="0"/><line nr="139" mi="0" ci="2" mb="0" cb="2"/><line nr="140" mi="0" ci="10" mb="0" cb="2"/><line nr="141" mi="0" ci="6" mb="0" cb="0"/><line nr="142" mi="0" ci="4" mb="0" cb="0"/><line nr="143" mi="0" ci="4" mb="0" cb="0"/><line nr="144" mi="0" ci="4" mb="0" cb="0"/><line nr="145" mi="0" ci="1" mb="0" cb="0"/><line nr="147" mi="0" ci="2" mb="0" cb="0"/><line nr="148" mi="0" ci="2" mb="0" cb="0"/><line nr="149" mi="0" ci="2" mb="0" cb="0"/><line nr="150" mi="0" ci="3" mb="0" cb="0"/><line nr="152" mi="0" ci="2" mb="0" cb="0"/><line nr="153" mi="0" ci="2" mb="0" cb="0"/><line nr="155" mi="0" ci="1" mb="0" cb="0"/><line nr="166" mi="0" ci="4" mb="0" cb="0"/><line nr="167" mi="0" ci="9" mb="0" cb="0"/><line nr="168" mi="0" ci="3" mb="0" cb="0"/><line nr="169" mi="0" ci="2" mb="0" cb="2"/><line nr="170" mi="0" ci="10" mb="0" cb="2"/><line nr="171" mi="0" ci="9" mb="0" cb="0"/><line nr="172" mi="0" ci="1" mb="0" cb="0"/><line nr="174" mi="0" ci="2" mb="0" cb="0"/><line nr="182" mi="0" ci="9" mb="1" cb="3"/><line nr="183" mi="0" ci="4" mb="1" cb="3"/><line nr="184" mi="1" ci="0" mb="0" cb="0"/><line nr="186" mi="0" ci="4" mb="0" cb="0"/><line nr="187" mi="0" ci="2" mb="0" 
[...]
0" mb="0" cb="0"/><line nr="1555" mi="1" ci="0" mb="0" cb="0"/><line nr="1561" mi="4" ci="0" mb="0" cb="0"/><line nr="1562" mi="7" ci="0" mb="4" cb="0"/><line nr="1563" mi="5" ci="0" mb="0" cb="0"/><line nr="1564" mi="8" ci="0" mb="0" cb="0"/><line nr="1567" mi="2" ci="0" mb="0" cb="0"/><line nr="1568" mi="9" ci="0" mb="2" cb="0"/><line nr="1569" mi="6" ci="0" mb="0" cb="0"/><line nr="1570" mi="5" ci="0" mb="2" cb="0"/><line nr="1571" mi="2" ci="0" mb="0" cb="0"/><line nr="1572" mi="1" ci="0" mb="0" cb="0"/><line nr="1576" mi="2" ci="0" mb="2" cb="0"/><line nr="1578" mi="6" ci="0" mb="0" cb="0"/><line nr="1581" mi="5" ci="0" mb="0" cb="0"/><line nr="1582" mi="3" ci="0" mb="0" cb="0"/><line nr="1583" mi="1" ci="0" mb="0" cb="0"/><line nr="1588" mi="4" ci="0" mb="0" cb="0"/><line nr="1589" mi="5" ci="0" mb="0" cb="0"/><line nr="1590" mi="4" ci="0" mb="0" cb="0"/><line nr="1591" mi="2" ci="0" mb="0" cb="0"/><line nr="1592" mi="1" ci="0" mb="0" cb="0"/><line nr="1593" mi="5" ci="0" mb="0" cb="0"/><line nr="1594" mi="4" ci="0" mb="0" cb="0"/><line nr="1595" mi="1" ci="0" mb="0" cb="0"/><line nr="1596" mi="3" ci="0" mb="0" cb="0"/><line nr="1599" mi="10" ci="0" mb="4" cb="0"/><line nr="1600" mi="5" ci="0" mb="0" cb="0"/><line nr="1602" mi="2" ci="0" mb="0" cb="0"/><line nr="1607" mi="0" ci="6" mb="0" cb="0"/><line nr="1613" mi="0" ci="4" mb="0" cb="0"/><line nr="1614" mi="0" ci="5" mb="0" cb="0"/><line nr="1615" mi="0" ci="3" mb="0" cb="0"/><line nr="1616" mi="0" ci="1" mb="0" cb="0"/><line nr="1617" mi="0" ci="1" mb="0" cb="0"/><line nr="1629" mi="0" ci="9" mb="0" cb="0"/><line nr="1646" mi="0" ci="5" mb="0" cb="0"/><line nr="1647" mi="0" ci="4" mb="0" cb="0"/><line nr="1648" mi="0" ci="10" mb="0" cb="2"/><line nr="1649" mi="0" ci="4" mb="0" cb="0"/><line nr="1651" mi="0" ci="7" mb="1" cb="3"/><line nr="1653" mi="0" ci="2" mb="0" cb="0"/><line nr="1654" mi="0" ci="3" mb="0" cb="2"/><line nr="1656" mi="0" ci="4" mb="0" cb="0"/><line nr="1657" mi="1" ci="0" mb="0" cb="0"/><line nr="1658" mi="0" ci="1" mb="0" cb="0"/><line nr="1661" mi="0" ci="11" mb="0" cb="0"/><line nr="1663" mi="0" ci="4" mb="1" cb="1"/><line nr="1669" mi="0" ci="5" mb="0" cb="0"/><line nr="1670" mi="0" ci="2" mb="0" cb="0"/><line nr="1672" mi="2" ci="16" mb="2" cb="4"/><line nr="1674" mi="0" ci="3" mb="0" cb="0"/><line nr="1677" mi="5" ci="0" mb="0" cb="0"/><line nr="1680" mi="0" ci="5" mb="1" cb="3"/><line nr="1681" mi="0" ci="5" mb="0" cb="0"/><line nr="1682" mi="0" ci="2" mb="0" cb="0"/><line nr="1685" mi="2" ci="6" mb="1" cb="1"/><line nr="1686" mi="0" ci="2" mb="1" cb="1"/><line nr="1693" mi="4" ci="0" mb="0" cb="0"/><line nr="1694" mi="4" ci="0" mb="0" cb="0"/><line nr="1697" mi="0" ci="4" mb="0" cb="0"/><line nr="1698" mi="0" ci="1" mb="0" cb="0"/><line nr="1700" mi="0" ci="2" mb="0" cb="0"/><line nr="1705" mi="0" ci="10" mb="0" cb="2"/><line nr="1706" mi="0" ci="3" mb="0" cb="2"/><line nr="1707" mi="0" ci="2" mb="0" cb="0"/><line nr="1709" mi="0" ci="1" mb="0" cb="0"/><line nr="1710" mi="0" ci="2" mb="0" cb="0"/><line nr="1715" mi="0" ci="4" mb="0" cb="0"/><line nr="1717" mi="0" ci="2" mb="1" cb="1"/><line nr="1718" mi="7" ci="6" mb="2" cb="2"/><line nr="1719" mi="0" ci="3" mb="0" cb="0"/><line nr="1721" mi="0" ci="1" mb="0" cb="0"/><line nr="1725" mi="0" ci="5" mb="0" cb="0"/><line nr="1726" mi="0" ci="1" mb="0" cb="0"/><line nr="1738" mi="0" ci="4" mb="0" cb="0"/><line nr="1740" mi="0" ci="4" mb="0" cb="0"/><line nr="1741" mi="0" ci="6" mb="0" cb="0"/><line nr="1744" mi="2" ci="11" mb="1" cb="1"/><line nr="1746" mi="0" ci="4" mb="0" cb="2"/><line nr="1747" mi="0" ci="4" mb="0" cb="0"/><line nr="1750" mi="0" ci="6" mb="1" cb="1"/><line nr="1751" mi="2" ci="0" mb="0" cb="0"/><line nr="1753" mi="5" ci="0" mb="0" cb="0"/><line nr="1760" mi="2" ci="0" mb="0" cb="0"/><line nr="1763" mi="0" ci="6" mb="2" cb="2"/><line nr="1764" mi="2" ci="0" mb="0" cb="0"/><line nr="1767" mi="0" ci="10" mb="1" cb="1"/><line nr="1770" mi="0" ci="6" mb="2" cb="2"/><line nr="1771" mi="0" ci="4" mb="0" cb="0"/><line nr="1774" mi="0" ci="10" mb="1" cb="3"/><line nr="1775" mi="0" ci="2" mb="0" cb="0"/><line nr="1777" mi="0" ci="1" mb="0" cb="0"/><line nr="1779" mi="5" ci="0" mb="0" cb="0"/><line nr="1780" mi="2" ci="0" mb="2" cb="0"/><line nr="1781" mi="6" ci="0" mb="0" cb="0"/><line nr="1783" mi="4" ci="0" mb="0" cb="0"/><line nr="1785" mi="2" ci="0" mb="0" cb="0"/><line nr="1791" mi="0" ci="4" mb="0" cb="0"/><line nr="1792" mi="0" ci="2" mb="0" cb="0"/><line nr="1793" mi="0" ci="10" mb="0" cb="2"/><line nr="1794" mi="0" ci="3" mb="0" cb="0"/><line nr="1795" mi="0" ci="3" mb="1" cb="1"/><line nr="1797" mi="1" ci="0" mb="0" cb="0"/><line nr="1798" mi="5" ci="0" mb="4" cb="0"/><line nr="1799" mi="4" ci="0" mb="0" cb="0"/><line nr="1800" mi="1" ci="0" mb="0" cb="0"/><line nr="1802" mi="6" ci="0" mb="0" cb="0"/><line nr="1804" mi="4" ci="0" mb="0" cb="0"/><line nr="1805" mi="3" ci="0" mb="2" cb="0"/><line nr="1806" mi="4" ci="0" mb="0" cb="0"/><line nr="1808" mi="1" ci="0" mb="0" cb="0"/><line nr="1809" mi="0" ci="3" mb="0" cb="0"/><line nr="1815" mi="4" ci="0" mb="0" cb="0"/><line nr="1817" mi="11" ci="0" mb="2" cb="0"/><line nr="1819" mi="3" ci="0" mb="0" cb="0"/><line nr="1820" mi="2" ci="0" mb="2" cb="0"/><line nr="1821" mi="5" ci="0" mb="0" cb="0"/><line nr="1822" mi="1" ci="0" mb="0" cb="0"/><line nr="1825" mi="2" ci="0" mb="0" cb="0"/><line nr="1826" mi="4" ci="0" mb="2" cb="0"/><line nr="1827" mi="6" ci="0" mb="0" cb="0"/><line nr="1830" mi="11" ci="0" mb="2" cb="0"/><line nr="1831" mi="4" ci="0" mb="2" cb="0"/><line nr="1832" mi="6" ci="0" mb="0" cb="0"/><line nr="1833" mi="1" ci="0" mb="0" cb="0"/><line nr="1834" mi="1" ci="0" mb="0" cb="0"/><line nr="1836" mi="1" ci="0" mb="0" cb="0"/><line nr="1838" mi="6" ci="0" mb="0" cb="0"/><line nr="1839" mi="1" ci="0" mb="0" cb="0"/><line nr="1841" mi="4" ci="0" mb="0" cb="0"/><line nr="1842" mi="2" ci="0" mb="0" cb="0"/><line nr="1843" mi="11" ci="0" mb="2" cb="0"/><line nr="1844" mi="4" ci="0" mb="0" cb="0"/><line nr="1845" mi="5" ci="0" mb="0" cb="0"/><line nr="1847" mi="4" ci="0" mb="4" cb="0"/><line nr="1848" mi="1" ci="0" mb="0" cb="0"/><line nr="1849" mi="4" ci="0" mb="0" cb="0"/><line nr="1850" mi="2" ci="0" mb="0" cb="0"/><line nr="1851" mi="2" ci="0" mb="0" cb="0"/><line nr="1852" mi="3" ci="0" mb="0" cb="0"/><line nr="1853" mi="2" ci="0" mb="0" cb="0"/><line nr="1854" mi="3" ci="0" mb="0" cb="0"/><line nr="1856" mi="3" ci="0" mb="2" cb="0"/><line nr="1857" mi="4" ci="0" mb="0" cb="0"/><line nr="1858" mi="1" ci="0" mb="0" cb="0"/><line nr="1861" mi="1" ci="0" mb="0" cb="0"/><line nr="1862" mi="3" ci="0" mb="0" cb="0"/><line nr="1877" mi="11" ci="0" mb="0" cb="0"/><line nr="1887" mi="1" ci="0" mb="0" cb="0"/><line nr="1905" mi="0" ci="4" mb="0" cb="0"/><line nr="1906" mi="4" ci="7" mb="1" cb="1"/><line nr="1907" mi="4" ci="0" mb="2" cb="0"/><line nr="1908" mi="5" ci="0" mb="0" cb="0"/><line nr="1909" mi="3" ci="0" mb="0" cb="0"/><line nr="1911" mi="1" ci="0" mb="0" cb="0"/><line nr="1913" mi="0" ci="2" mb="0" cb="0"/><line nr="1914" mi="0" ci="12" mb="0" cb="0"/><line nr="1924" mi="2" ci="2" mb="3" cb="1"/><line nr="1925" mi="0" ci="6" mb="0" cb="0"/><line nr="1926" mi="2" ci="2" mb="1" cb="1"/><line nr="1927" mi="6" ci="0" mb="0" cb="0"/><line nr="1928" mi="4" ci="0" mb="0" cb="0"/><line nr="1929" mi="2" ci="0" mb="2" cb="0"/><line nr="1930" mi="1" ci="0" mb="0" cb="0"/><line nr="1934" mi="0" ci="1" mb="0" cb="0"/><line nr="1937" mi="0" ci="5" mb="0" cb="0"/><line nr="1938" mi="0" ci="6" mb="0" cb="0"/><line nr="1940" mi="0" ci="2" mb="0" cb="0"/><line nr="1943" mi="0" ci="2" mb="0" cb="0"/><line nr="1947" mi="0" ci="3" mb="0" cb="0"/><line nr="1948" mi="10" ci="4" mb="5" cb="1"/><line nr="1949" mi="3" ci="0" mb="0" cb="0"/><line nr="1951" mi="0" ci="3" mb="0" cb="0"/><line nr="1952" mi="0" ci="1" mb="0" cb="0"/><line nr="1956" mi="0" ci="4" mb="0" cb="0"/><line nr="1957" mi="0" ci="7" mb="1" cb="1"/><line nr="1958" mi="0" ci="6" mb="1" cb="1"/><line nr="1959" mi="0" ci="2" mb="0" cb="0"/><line nr="1960" mi="0" ci="2" mb="0" cb="0"/><line nr="1961" mi="0" ci="4" mb="0" cb="0"/><line nr="1964" mi="3" ci="0" mb="0" cb="0"/><line nr="1965" mi="2" ci="0" mb="0" cb="0"/><line nr="1974" mi="0" ci="3" mb="0" cb="2"/><line nr="1975" mi="0" ci="5" mb="0" cb="0"/><line nr="1977" mi="0" ci="3" mb="0" cb="0"/><line nr="1986" mi="4" ci="0" mb="0" cb="0"/><line nr="1987" mi="9" ci="0" mb="0" cb="0"/><line nr="1997" mi="0" ci="4" mb="0" cb="0"/><line nr="1998" mi="0" ci="3" mb="0" cb="0"/><line nr="2000" mi="3" ci="4" mb="3" cb="1"/><line nr="2005" mi="3" ci="0" mb="0" cb="0"/><line nr="2007" mi="0" ci="3" mb="0" cb="0"/><line nr="2008" mi="2" ci="7" mb="0" cb="2"/><line nr="2009" mi="0" ci="8" mb="1" cb="1"/><line nr="2010" mi="2" ci="0" mb="0" cb="0"/><line nr="2016" mi="0" ci="4" mb="0" cb="0"/><line nr="2017" mi="0" ci="8" mb="0" cb="0"/><line nr="2025" mi="0" ci="3" mb="0" cb="0"/><line nr="2026" mi="5" ci="9" mb="3" cb="3"/><line nr="2027" mi="0" ci="3" mb="0" cb="0"/><line nr="2029" mi="0" ci="3" mb="0" cb="0"/><line nr="2030" mi="0" ci="1" mb="0" cb="0"/><line nr="2039" mi="0" ci="4" mb="0" cb="0"/><line nr="2040" mi="0" ci="3" mb="0" cb="0"/><line nr="2041" mi="0" ci="10" mb="0" cb="0"/><line nr="2042" mi="0" ci="3" mb="0" cb="0"/><line nr="2043" mi="0" ci="1" mb="0" cb="0"/><line nr="2054" mi="0" ci="10" mb="0" cb="2"/><line nr="2055" mi="0" ci="3" mb="1" cb="1"/><line nr="2056" mi="6" ci="0" mb="0" cb="0"/><line nr="2057" mi="2" ci="0" mb="0" cb="0"/><line nr="2059" mi="0" ci="1" mb="0" cb="0"/><line nr="2060" mi="0" ci="10" mb="0" cb="2"/><line nr="2061" mi="0" ci="2" mb="0" cb="0"/><line nr="2062" mi="0" ci="3" mb="0" cb="0"/><line nr="2063" mi="0" ci="6" mb="0" cb="0"/><line nr="2064" mi="0" ci="1" mb="0" cb="0"/><line nr="2065" mi="0" ci="2" mb="0" cb="0"/><line nr="2066" mi="0" ci="2" mb="0" cb="0"/><line nr="2075" mi="0" ci="4" mb="0" cb="0"/><line nr="2076" mi="0" ci="10" mb="0" cb="2"/><line nr="2077" mi="0" ci="4" mb="0" cb="0"/><line nr="2078" mi="0" ci="7" mb="2" cb="2"/><line nr="2079" mi="0" ci="3" mb="0" cb="0"/><line nr="2080" mi="0" ci="5" mb="0" cb="0"/><line nr="2082" mi="0" ci="1" mb="0" cb="0"/><line nr="2083" mi="0" ci="4" mb="0" cb="2"/><line nr="2086" mi="0" ci="2" mb="0" cb="0"/><line nr="2087" mi="0" ci="3" mb="0" cb="0"/><line nr="2088" mi="0" ci="1" mb="0" cb="0"/><line nr="2089" mi="0" ci="1" mb="0" cb="0"/><line nr="2093" mi="0" ci="5" mb="0" cb="0"/><line nr="2094" mi="0" ci="2" mb="1" cb="1"/><line nr="2095" mi="5" ci="0" mb="0" cb="0"/><line nr="2097" mi="0" ci="2" mb="1" cb="1"/><line nr="2098" mi="5" ci="0" mb="0" cb="0"/><line nr="2100" mi="0" ci="2" mb="0" cb="0"/><line nr="2113" mi="0" ci="2" mb="0" cb="0"/><line nr="2114" mi="0" ci="2" mb="1" cb="1"/><line nr="2115" mi="0" ci="4" mb="0" cb="0"/><line nr="2117" mi="0" ci="1" mb="0" cb="0"/><line nr="2135" mi="3" ci="0" mb="0" cb="0"/><line nr="2138" mi="4" ci="0" mb="0" cb="0"/><line nr="2139" mi="4" ci="0" mb="2" cb="0"/><line nr="2142" mi="3" ci="0" mb="0" cb="0"/><line nr="2145" mi="1" ci="0" mb="0" cb="0"/><line nr="2146" mi="1" ci="0" mb="0" cb="0"/><line nr="2156" mi="0" ci="4" mb="0" cb="0"/><line nr="2158" mi="1" ci="3" mb="1" cb="1"/><line nr="2161" mi="0" ci="3" mb="0" cb="0"/><line nr="2162" mi="0" ci="1" mb="0" cb="0"/><line nr="2173" mi="0" ci="3" mb="1" cb="1"/><line nr="2174" mi="5" ci="0" mb="0" cb="0"/><line nr="2175" mi="3" ci="0" mb="0" cb="0"/><line nr="2176" mi="3" ci="0" mb="0" cb="0"/><line nr="2179" mi="0" ci="8" mb="1" cb="3"/><line nr="2180" mi="0" ci="1" mb="0" cb="0"/><line nr="2183" mi="0" ci="3" mb="0" cb="0"/><line nr="2185" mi="0" ci="8" mb="0" cb="0"/><line nr="2186" mi="0" ci="4" mb="0" cb="0"/><line nr="2187" mi="0" ci="6" mb="0" cb="0"/><line nr="2188" mi="0" ci="2" mb="0" cb="0"/><line nr="2190" mi="0" ci="3" mb="0" cb="0"/><line nr="2191" mi="0" ci="4" mb="0" cb="0"/><line nr="2192" mi="0" ci="3" mb="0" cb="0"/><line nr="2193" mi="0" ci="3" mb="0" cb="0"/><line nr="2194" mi="1" ci="3" mb="1" cb="1"/><line nr="2197" mi="0" ci="3" mb="0" cb="0"/><line nr="2198" mi="0" ci="1" mb="0" cb="0"/><line nr="2201" mi="0" ci="1" mb="0" cb="0"/><line nr="2205" mi="0" ci="3" mb="0" cb="0"/><line nr="2206" mi="0" ci="2" mb="0" cb="2"/><line nr="2207" mi="0" ci="4" mb="0" cb="0"/><line nr="2208" mi="0" ci="3" mb="0" cb="0"/><line nr="2209" mi="0" ci="2" mb="1" cb="1"/><line nr="2210" mi="0" ci="8" mb="0" cb="0"/><line nr="2212" mi="0" ci="3" mb="0" cb="0"/><line nr="2214" mi="0" ci="2" mb="0" cb="0"/><line nr="2218" mi="0" ci="3" mb="0" cb="0"/><line nr="2219" mi="0" ci="2" mb="0" cb="2"/><line nr="2220" mi="0" ci="4" mb="0" cb="0"/><line nr="2221" mi="0" ci="3" mb="0" cb="0"/><line nr="2222" mi="0" ci="2" mb="1" cb="1"/><line nr="2223" mi="0" ci="6" mb="0" cb="0"/><line nr="2224" mi="0" ci="6" mb="0" cb="0"/><line nr="2225" mi="0" ci="3" mb="0" cb="0"/><line nr="2226" mi="0" ci="2" mb="0" cb="0"/><line nr="2229" mi="0" ci="3" mb="0" cb="0"/><line nr="2231" mi="0" ci="2" mb="0" cb="0"/><line nr="2236" mi="0" ci="4" mb="0" cb="2"/><line nr="2238" mi="2" ci="6" mb="1" cb="1"/><line nr="2241" mi="1" ci="3" mb="1" cb="1"/><line nr="2243" mi="1" ci="3" mb="1" cb="1"/><line nr="2245" mi="0" ci="6" mb="2" cb="2"/><line nr="2246" mi="0" ci="6" mb="0" cb="2"/><line nr="2247" mi="0" ci="9" mb="0" cb="0"/><line nr="2250" mi="2" ci="0" mb="0" cb="0"/><line nr="2252" mi="0" ci="1" mb="0" cb="0"/><line nr="2255" mi="0" ci="4" mb="0" cb="0"/><line nr="2256" mi="0" ci="4" mb="0" cb="0"/><line nr="2258" mi="0" ci="4" mb="0" cb="0"/><line nr="2259" mi="1" ci="0" mb="0" cb="0"/><line nr="2260" mi="8" ci="0" mb="0" cb="0"/><line nr="2261" mi="0" ci="1" mb="0" cb="0"/><line nr="2262" mi="0" ci="3" mb="0" cb="0"/><line nr="2263" mi="0" ci="1" mb="0" cb="0"/><line nr="2272" mi="5" ci="0" mb="0" cb="0"/><line nr="2273" mi="2" ci="0" mb="2" cb="0"/><line nr="2274" mi="1" ci="0" mb="0" cb="0"/><line nr="2276" mi="3" ci="0" mb="0" cb="0"/><line nr="2277" mi="2" ci="0" mb="2" cb="0"/><line nr="2278" mi="3" ci="0" mb="0" cb="0"/><line nr="2280" mi="9" ci="0" mb="4" cb="0"/><line nr="2281" mi="2" ci="0" mb="0" cb="0"/><line nr="2282" mi="3" ci="0" mb="0" cb="0"/><line nr="2284" mi="1" ci="0" mb="0" cb="0"/><line nr="2290" mi="6" ci="0" mb="0" cb="0"/><counter type="INSTRUCTION" missed="1685" covered="1977"/><counter type="BRANCH" missed="321" covered="229"/><counter type="LINE" missed="419" covered="498"/><counter type="COMPLEXITY" missed="254" covered="138"/><counter type="METHOD" missed="36" covered="81"/><counter type="CLASS" missed="0" covered="1"/></sourcefile><sourcefile name="UpdateLockStep.java"><line nr="44" mi="5" ci="0" mb="0" cb="0"/><line nr="47" mi="3" ci="0" mb="0" cb="0"/><line nr="50" mi="3" ci="0" mb="0" cb="0"/><line nr="53" mi="3" ci="0" mb="0" cb="0"/><line nr="56" mi="3" ci="0" mb="0" cb="0"/><line nr="59" mi="3" ci="0" mb="0" cb="0"/><line nr="62" mi="3" ci="0" mb="0" cb="0"/><line nr="63" mi="3" ci="0" mb="0" cb="0"/><line nr="66" mi="2" ci="0" mb="0" cb="0"/><line nr="68" mi="1" ci="0" mb="0" cb="0"/><line nr="72" mi="3" ci="0" mb="0" cb="0"/><line nr="77" mi="6" ci="0" mb="4" cb="0"/><line nr="78" mi="5" ci="0" mb="2" cb="0"/><line nr="79" mi="3" ci="0" mb="0" cb="0"/><line nr="81" mi="4" ci="0" mb="0" cb="0"/><line nr="83" mi="1" ci="0" mb="0" cb="0"/><line nr="87" mi="3" ci="0" mb="0" cb="0"/><line nr="92" mi="3" ci="0" mb="0" cb="0"/><line nr="93" mi="2" ci="0" mb="2" cb="0"/><line nr="94" mi="3" ci="0" mb="0" cb="0"/><line nr="96" mi="1" ci="0" mb="0" cb="0"/><line nr="100" mi="3" ci="0" mb="0" cb="0"/><line nr="105" mi="3" ci="0" mb="0" cb="0"/><line nr="106" mi="2" ci="0" mb="2" cb="0"/><line nr="107" mi="3" ci="0" mb="0" cb="0"/><line nr="109" mi="1" ci="0" mb="0" cb="0"/><line nr="113" mi="3" ci="0" mb="0" cb="0"/><line nr="118" mi="3" ci="0" mb="0" cb="0"/><line nr="119" mi="2" ci="0" mb="2" cb="0"/><line nr="120" mi="3" ci="0" mb="0" cb="0"/><line nr="122" mi="1" ci="0" mb="0" cb="0"/><line nr="126" mi="3" ci="0" mb="0" cb="0"/><line nr="131" mi="3" ci="0" mb="0" cb="0"/><line nr="132" mi="2" ci="0" mb="2" cb="0"/><line nr="133" mi="3" ci="0" mb="0" cb="0"/><line nr="135" mi="1" ci="0" mb="0" cb="0"/><line nr="138" mi="3" ci="0" mb="0" cb="0"/><line nr="143" mi="3" ci="0" mb="0" cb="0"/><line nr="144" mi="1" ci="0" mb="0" cb="0"/><line nr="147" mi="3" ci="0" mb="0" cb="0"/><line nr="152" mi="3" ci="0" mb="0" cb="0"/><line nr="153" mi="1" ci="0" mb="0" cb="0"/><line nr="161" mi="4" ci="0" mb="2" cb="0"/><line nr="162" mi="5" ci="0" mb="0" cb="0"/><line nr="164" mi="6" ci="0" mb="4" cb="0"/><line nr="165" mi="5" ci="0" mb="0" cb="0"/><line nr="167" mi="15" ci="0" mb="10" cb="0"/><line nr="168" mi="5" ci="0" mb="0" cb="0"/><line nr="170" mi="9" ci="0" mb="6" cb="0"/><line nr="171" mi="5" ci="0" mb="0" cb="0"/><line nr="173" mi="1" ci="0" mb="0" cb="0"/><line nr="177" mi="6" ci="0" mb="0" cb="0"/><line nr="182" mi="6" ci="0" mb="0" cb="0"/><line nr="183" mi="4" ci="0" mb="0" cb="0"/><line nr="184" mi="7" ci="0" mb="2" cb="0"/><line nr="185" mi="7" ci="0" mb="2" cb="0"/><line nr="186" mi="12" ci="0" mb="2" cb="0"/><line nr="187" mi="12" ci="0" mb="2" cb="0"/><line nr="188" mi="3" ci="0" mb="2" cb="0"/><line nr="189" mi="9" ci="0" mb="0" cb="0"/><line nr="190" mi="12" ci="0" mb="2" cb="0"/><line nr="191" mi="4" ci="0" mb="0" cb="0"/><line nr="192" mi="3" ci="0" mb="0" cb="0"/><line nr="196" mi="0" ci="3" mb="0" cb="0"/><line nr="200" mi="0" ci="2" mb="0" cb="0"/><line nr="206" mi="0" ci="2" mb="0" cb="0"/><line nr="211" mi="0" ci="2" mb="0" cb="0"/><line nr="216" mi="3" ci="0" mb="0" cb="0"/><line nr="225" mi="4" ci="0" mb="0" cb="0"/><line nr="233" mi="2" ci="0" mb="2" cb="0"/><line nr="234" mi="4" ci="0" mb="0" cb="0"/><line nr="236" mi="3" ci="0" mb="0" cb="0"/><line nr="238" mi="3" ci="0" mb="0" cb="0"/><line nr="239" mi="2" ci="0" mb="2" cb="0"/><line nr="240" mi="3" ci="0" mb="0" cb="0"/><line nr="242" mi="2" ci="0" mb="0" cb="0"/><line nr="251" mi="2" ci="0" mb="2" cb="0"/><line nr="252" mi="4" ci="0" mb="0" cb="0"/><line nr="254" mi="3" ci="0" mb="0" cb="0"/><line nr="256" mi="5" ci="0" mb="0" cb="0"/><line nr="265" mi="2" ci="0" mb="2" cb="0"/><line nr="266" mi="4" ci="0" mb="0" cb="0"/><line nr="268" mi="3" ci="0" mb="0" cb="0"/><line nr="270" mi="5" ci="0" mb="0" cb="0"/><line nr="274" mi="6" ci="0" mb="4" cb="0"/><line nr="275" mi="3" ci="0" mb="0" cb="0"/><line nr="277" mi="2" ci="0" mb="0" cb="0"/><line nr="292" mi="2" ci="0" mb="2" cb="0"/><line nr="293" mi="4" ci="0" mb="0" cb="0"/><line nr="295" mi="3" ci="0" mb="0" cb="0"/><line nr="297" mi="2" ci="0" mb="2" cb="0"/><line nr="298" mi="2" ci="0" mb="0" cb="0"/><line nr="300" mi="2" ci="0" mb="2" cb="0"/><line nr="301" mi="3" ci="0" mb="0" cb="0"/><line nr="303" mi="4" ci="0" mb="2" cb="0"/><line nr="304" mi="3" ci="0" mb="2" cb="0"/><line nr="305" mi="3" ci="0" mb="2" cb="0"/><line nr="306" mi="2" ci="0" mb="2" cb="0"/><line nr="307" mi="3" ci="0" mb="0" cb="0"/><line nr="309" mi="2" ci="0" mb="0" cb="0"/><counter type="INSTRUCTION" missed="353" covered="9"/><counter type="BRANCH" missed="74" covered="0"/><counter type="LINE" missed="96" covered="4"/><counter type="COMPLEXITY" missed="63" covered="4"/><counter type="METHOD" missed="26" covered="4"/><counter type="CLASS" missed="1" covered="1"/></sourcefile><counter type="INSTRUCTION" missed="5226" covered="4000"/><counter type="BRANCH" missed="736" covered="400"/><counter type="LINE" missed="1160" covered="988"/><counter type="COMPLEXITY" missed="750" covered="331"/><counter type="METHOD" missed="285" covered="228"/><counter type="CLASS" missed="4" covered="21"/></package><counter type="INSTRUCTION" missed="9670" covered="9418"/><counter type="BRANCH" missed="1391" covered="847"/><counter type="LINE" missed="2213" covered="2374"/><counter type="COMPLEXITY" missed="1302" covered="758"/><counter type="METHOD" missed="418" covered="520"/><counter type="CLASS" missed="15" covered="63"/></report>